#! /usr/local/bin/vvp
:ivl_version "11.0 (devel)" "(s20150603-404-gb51e58f)";
:ivl_delay_selection "TYPICAL";
:vpi_time_precision - 12;
:vpi_module "system";
:vpi_module "vhdl_sys";
:vpi_module "vhdl_textio";
:vpi_module "v2005_math";
:vpi_module "va_math";
S_0x1d6fe20 .scope module, "test_bottleneck" "test_bottleneck" 2 3;
 .timescale -9 -12;
v0x1dc2720_0 .var "clk_i", 0 0;
v0x1dc2810_0 .net "m_ack_o", 0 0, L_0x1ddb790;  1 drivers
v0x1dc28e0_0 .var "m_adr_i", 63 0;
v0x1dc29e0_0 .var "m_cyc_i", 0 0;
v0x1dc2ad0_0 .var "m_dat_i", 63 0;
v0x1dc2bc0_0 .net "m_dat_o", 63 0, L_0x1dda5f0;  1 drivers
v0x1dc2c60_0 .net "m_err_align_o", 0 0, L_0x1dd6f30;  1 drivers
v0x1dc2d30_0 .var "m_signed_i", 0 0;
v0x1dc2e00_0 .var "m_siz_i", 1 0;
v0x1dc2f60_0 .var "m_stb_i", 0 0;
v0x1dc3000_0 .var "m_we_i", 0 0;
v0x1dc30a0_0 .var "reset_i", 0 0;
v0x1dc3190_0 .var "s_ack_i", 0 0;
v0x1dc3280_0 .net "s_adr_o", 63 0, L_0x1dd6d00;  1 drivers
v0x1dc3320_0 .net "s_cyc_o", 0 0, L_0x1dc3ff0;  1 drivers
v0x1dc33c0_0 .var "s_dat_i", 15 0;
v0x1dc3490_0 .net "s_dat_o", 15 0, L_0x1dd62d0;  1 drivers
v0x1dc3640_0 .net "s_signed_o", 0 0, L_0x1dc52b0;  1 drivers
v0x1dc36e0_0 .net "s_siz_o", 0 0, L_0x1dc50f0;  1 drivers
v0x1dc3780_0 .net "s_stb_o", 0 0, L_0x1dc4920;  1 drivers
v0x1dc3850_0 .net "s_we_o", 0 0, L_0x1dc4150;  1 drivers
v0x1dc3920_0 .var "story_i", 15 0;
S_0x1d96490 .scope task, "assert_m_ack_o" "assert_m_ack_o" 2 145, 2 145 0, S_0x1d6fe20;
 .timescale -9 -12;
v0x1d51be0_0 .var "expected", 0 0;
TD_test_bottleneck.assert_m_ack_o ;
    %load/vec4 v0x1dc2810_0;
    %load/vec4 v0x1d51be0_0;
    %cmp/ne;
    %jmp/0xz  T_0.0, 6;
    %vpi_call 2 149 "$display", "@E %04X M_ACK_O Expected %d Got %d", v0x1dc3920_0, v0x1d51be0_0, v0x1dc2810_0 {0 0 0};
    %vpi_call 2 150 "$stop" {0 0 0};
T_0.0 ;
    %end;
S_0x1db30c0 .scope task, "assert_m_dat_o" "assert_m_dat_o" 2 155, 2 155 0, S_0x1d6fe20;
 .timescale -9 -12;
v0x1db32c0_0 .var "expected", 63 0;
TD_test_bottleneck.assert_m_dat_o ;
    %load/vec4 v0x1dc2bc0_0;
    %load/vec4 v0x1db32c0_0;
    %cmp/ne;
    %jmp/0xz  T_1.2, 6;
    %vpi_call 2 159 "$display", "@E %04X M_DAT_O Expected %016X Got %016X", v0x1dc3920_0, v0x1db32c0_0, v0x1dc2bc0_0 {0 0 0};
    %vpi_call 2 160 "$stop" {0 0 0};
T_1.2 ;
    %end;
S_0x1db33a0 .scope task, "assert_m_err_align_o" "assert_m_err_align_o" 2 165, 2 165 0, S_0x1d6fe20;
 .timescale -9 -12;
v0x1db35b0_0 .var "expected", 0 0;
TD_test_bottleneck.assert_m_err_align_o ;
    %load/vec4 v0x1dc2c60_0;
    %load/vec4 v0x1db35b0_0;
    %cmp/ne;
    %jmp/0xz  T_2.4, 6;
    %vpi_call 2 169 "$display", "@E %04X M_ERR_ALIGN_O Expected %d Got %d", v0x1dc3920_0, v0x1db35b0_0, v0x1dc2c60_0 {0 0 0};
    %vpi_call 2 170 "$stop" {0 0 0};
T_2.4 ;
    %end;
S_0x1db3670 .scope task, "assert_s_adr_o" "assert_s_adr_o" 2 75, 2 75 0, S_0x1d6fe20;
 .timescale -9 -12;
v0x1db3850_0 .var "expected", 63 0;
TD_test_bottleneck.assert_s_adr_o ;
    %load/vec4 v0x1dc3280_0;
    %load/vec4 v0x1db3850_0;
    %cmp/ne;
    %jmp/0xz  T_3.6, 6;
    %vpi_call 2 79 "$display", "@E %04X S_ADR_O Expected $%016X Got $%016X", v0x1dc3920_0, v0x1db3850_0, v0x1dc3280_0 {0 0 0};
    %vpi_call 2 80 "$stop" {0 0 0};
T_3.6 ;
    %end;
S_0x1db3950 .scope task, "assert_s_cyc_o" "assert_s_cyc_o" 2 85, 2 85 0, S_0x1d6fe20;
 .timescale -9 -12;
v0x1db3b80_0 .var "expected", 0 0;
TD_test_bottleneck.assert_s_cyc_o ;
    %load/vec4 v0x1dc3320_0;
    %load/vec4 v0x1db3b80_0;
    %cmp/ne;
    %jmp/0xz  T_4.8, 6;
    %vpi_call 2 89 "$display", "@E %04X S_CYC_O Expected %d Got %d", v0x1dc3920_0, v0x1db3b80_0, v0x1dc3320_0 {0 0 0};
    %vpi_call 2 90 "$stop" {0 0 0};
T_4.8 ;
    %end;
S_0x1db3c60 .scope task, "assert_s_dat_o" "assert_s_dat_o" 2 135, 2 135 0, S_0x1d6fe20;
 .timescale -9 -12;
v0x1db3e40_0 .var "expected", 15 0;
TD_test_bottleneck.assert_s_dat_o ;
    %load/vec4 v0x1dc3490_0;
    %load/vec4 v0x1db3e40_0;
    %cmp/ne;
    %jmp/0xz  T_5.10, 6;
    %vpi_call 2 139 "$display", "@E %04X S_DAT_O Expected %04X Got %04X", v0x1dc3920_0, v0x1db3e40_0, v0x1dc3490_0 {0 0 0};
    %vpi_call 2 140 "$stop" {0 0 0};
T_5.10 ;
    %end;
S_0x1db3f40 .scope task, "assert_s_signed_o" "assert_s_signed_o" 2 95, 2 95 0, S_0x1d6fe20;
 .timescale -9 -12;
v0x1db4120_0 .var "expected", 0 0;
TD_test_bottleneck.assert_s_signed_o ;
    %load/vec4 v0x1dc3640_0;
    %load/vec4 v0x1db4120_0;
    %cmp/ne;
    %jmp/0xz  T_6.12, 6;
    %vpi_call 2 99 "$display", "@E %04X S_SIGNED_O Expected %d Got %d", v0x1dc3920_0, v0x1db4120_0, v0x1dc3640_0 {0 0 0};
    %vpi_call 2 100 "$stop" {0 0 0};
T_6.12 ;
    %end;
S_0x1db4200 .scope task, "assert_s_siz_o" "assert_s_siz_o" 2 105, 2 105 0, S_0x1d6fe20;
 .timescale -9 -12;
v0x1db43e0_0 .var "expected", 0 0;
TD_test_bottleneck.assert_s_siz_o ;
    %load/vec4 v0x1dc36e0_0;
    %load/vec4 v0x1db43e0_0;
    %cmp/ne;
    %jmp/0xz  T_7.14, 6;
    %vpi_call 2 109 "$display", "@E %04X S_SIZ_O Expected %d Got %d", v0x1dc3920_0, v0x1db43e0_0, v0x1dc36e0_0 {0 0 0};
    %vpi_call 2 110 "$stop" {0 0 0};
T_7.14 ;
    %end;
S_0x1db44c0 .scope task, "assert_s_stb_o" "assert_s_stb_o" 2 115, 2 115 0, S_0x1d6fe20;
 .timescale -9 -12;
v0x1db4730_0 .var "expected", 0 0;
TD_test_bottleneck.assert_s_stb_o ;
    %load/vec4 v0x1dc3780_0;
    %load/vec4 v0x1db4730_0;
    %cmp/ne;
    %jmp/0xz  T_8.16, 6;
    %vpi_call 2 119 "$display", "@E %04X S_STB_O Expected %d Got %d", v0x1dc3920_0, v0x1db4730_0, v0x1dc3780_0 {0 0 0};
    %vpi_call 2 120 "$stop" {0 0 0};
T_8.16 ;
    %end;
S_0x1db4810 .scope task, "assert_s_we_o" "assert_s_we_o" 2 125, 2 125 0, S_0x1d6fe20;
 .timescale -9 -12;
v0x1db49a0_0 .var "expected", 0 0;
TD_test_bottleneck.assert_s_we_o ;
    %load/vec4 v0x1dc3850_0;
    %load/vec4 v0x1db49a0_0;
    %cmp/ne;
    %jmp/0xz  T_9.18, 6;
    %vpi_call 2 129 "$display", "@E %04X S_WE_O Expected %d Got %d", v0x1dc3920_0, v0x1db49a0_0, v0x1dc3850_0 {0 0 0};
    %vpi_call 2 130 "$stop" {0 0 0};
T_9.18 ;
    %end;
S_0x1db4a80 .scope module, "b" "bottleneck" 2 28, 3 3 0, S_0x1d6fe20;
 .timescale -9 -12;
    .port_info 0 /INPUT 64 "m_adr_i"
    .port_info 1 /INPUT 1 "m_cyc_i"
    .port_info 2 /INPUT 64 "m_dat_i"
    .port_info 3 /INPUT 1 "m_signed_i"
    .port_info 4 /INPUT 2 "m_siz_i"
    .port_info 5 /INPUT 1 "m_stb_i"
    .port_info 6 /INPUT 1 "m_we_i"
    .port_info 7 /OUTPUT 1 "m_ack_o"
    .port_info 8 /OUTPUT 64 "m_dat_o"
    .port_info 9 /OUTPUT 1 "m_err_align_o"
    .port_info 10 /OUTPUT 64 "s_adr_o"
    .port_info 11 /OUTPUT 1 "s_cyc_o"
    .port_info 12 /OUTPUT 1 "s_signed_o"
    .port_info 13 /OUTPUT 1 "s_siz_o"
    .port_info 14 /OUTPUT 1 "s_stb_o"
    .port_info 15 /OUTPUT 1 "s_we_o"
    .port_info 16 /OUTPUT 16 "s_dat_o"
    .port_info 17 /INPUT 1 "s_ack_i"
    .port_info 18 /INPUT 16 "s_dat_i"
    .port_info 19 /INPUT 1 "clk_i"
    .port_info 20 /INPUT 1 "reset_i"
L_0x1dc3f00 .functor NOT 1, v0x1db5f60_0, C4<0>, C4<0>, C4<0>;
L_0x1dc3ff0 .functor AND 1, v0x1dc29e0_0, L_0x1dc3f00, C4<1>, C4<1>;
L_0x1dc4810 .functor OR 2, L_0x1dc4460, L_0x1dc4680, C4<00>, C4<00>;
L_0x1dc4fe0 .functor OR 2, L_0x1dc4c50, L_0x1dc4e50, C4<00>, C4<00>;
L_0x1dd58a0 .functor OR 16, L_0x1dd5620, L_0x1dd5800, C4<0000000000000000>, C4<0000000000000000>;
L_0x1dd5cf0 .functor OR 16, L_0x1dd58a0, L_0x1dd5760, C4<0000000000000000>, C4<0000000000000000>;
L_0x1dd6050 .functor OR 16, L_0x1dd5cf0, L_0x1dd5ae0, C4<0000000000000000>, C4<0000000000000000>;
L_0x1dd62d0 .functor AND 16, L_0x1dd6050, L_0x1dd6160, C4<1111111111111111>, C4<1111111111111111>;
L_0x1dd6830 .functor OR 64, L_0x1dd64d0, L_0x1dd6660, C4<0000000000000000000000000000000000000000000000000000000000000000>, C4<0000000000000000000000000000000000000000000000000000000000000000>;
L_0x1dd6ad0 .functor OR 64, L_0x1dd6830, L_0x1dd6940, C4<0000000000000000000000000000000000000000000000000000000000000000>, C4<0000000000000000000000000000000000000000000000000000000000000000>;
L_0x1dd6c40 .functor OR 64, v0x1dc28e0_0, L_0x1dd6ad0, C4<0000000000000000000000000000000000000000000000000000000000000000>, C4<0000000000000000000000000000000000000000000000000000000000000000>;
L_0x1dd6f30 .functor BUFZ 1, v0x1db5f60_0, C4<0>, C4<0>, C4<0>;
L_0x1dd81e0 .functor AND 1, v0x1db5ea0_0, v0x1dc2d30_0, C4<1>, C4<1>;
L_0x1dd9010 .functor AND 1, L_0x1dd81e0, L_0x1dc39f0, C4<1>, C4<1>;
L_0x1dd6ff0 .functor NOT 1, v0x1dc2d30_0, C4<0>, C4<0>, C4<0>;
L_0x1dd93c0 .functor AND 1, v0x1db5ea0_0, L_0x1dd6ff0, C4<1>, C4<1>;
L_0x1dd94c0 .functor AND 1, L_0x1dd93c0, L_0x1dc39f0, C4<1>, C4<1>;
L_0x1dd9710 .functor OR 64, L_0x1dd91a0, L_0x1dd9580, C4<0000000000000000000000000000000000000000000000000000000000000000>, C4<0000000000000000000000000000000000000000000000000000000000000000>;
L_0x1dd9430 .functor AND 1, v0x1db5ea0_0, v0x1dc2d30_0, C4<1>, C4<1>;
L_0x1dd9950 .functor AND 1, L_0x1dd9430, L_0x1dc3b60, C4<1>, C4<1>;
L_0x1dd8a40 .functor OR 64, L_0x1dd9710, L_0x1dd9820, C4<0000000000000000000000000000000000000000000000000000000000000000>, C4<0000000000000000000000000000000000000000000000000000000000000000>;
L_0x1dd9e50 .functor NOT 1, v0x1dc2d30_0, C4<0>, C4<0>, C4<0>;
L_0x1dd9a10 .functor AND 1, v0x1db5ea0_0, L_0x1dd9e50, C4<1>, C4<1>;
L_0x1dd9f80 .functor AND 1, L_0x1dd9a10, L_0x1dc3b60, C4<1>, C4<1>;
L_0x1dda200 .functor OR 64, L_0x1dd8a40, L_0x1dd9ec0, C4<0000000000000000000000000000000000000000000000000000000000000000>, C4<0000000000000000000000000000000000000000000000000000000000000000>;
L_0x1dda310 .functor AND 1, v0x1db5ea0_0, v0x1dc2d30_0, C4<1>, C4<1>;
L_0x1dda040 .functor AND 1, L_0x1dda310, L_0x1dc3c80, C4<1>, C4<1>;
L_0x1dd9dc0 .functor OR 64, L_0x1dda200, L_0x1dda4b0, C4<0000000000000000000000000000000000000000000000000000000000000000>, C4<0000000000000000000000000000000000000000000000000000000000000000>;
L_0x1dda380 .functor NOT 1, v0x1dc2d30_0, C4<0>, C4<0>, C4<0>;
L_0x1dda3f0 .functor AND 1, v0x1db5ea0_0, L_0x1dda380, C4<1>, C4<1>;
L_0x1dda780 .functor AND 1, L_0x1dda3f0, L_0x1dc3c80, C4<1>, C4<1>;
L_0x1ddac10 .functor OR 64, L_0x1dd9dc0, L_0x1ddaa80, C4<0000000000000000000000000000000000000000000000000000000000000000>, C4<0000000000000000000000000000000000000000000000000000000000000000>;
L_0x1dda980 .functor AND 1, v0x1db5ea0_0, L_0x1dc3de0, C4<1>, C4<1>;
L_0x1dda5f0 .functor OR 64, L_0x1ddac10, L_0x1ddaf40, C4<0000000000000000000000000000000000000000000000000000000000000000>, C4<0000000000000000000000000000000000000000000000000000000000000000>;
L_0x1ddb680 .functor OR 2, L_0x1ddb340, L_0x1ddb0d0, C4<00>, C4<00>;
v0x1db5190_0 .net "Hold1_SDatI", 0 0, v0x1db5700_0;  1 drivers
v0x1db7a30_0 .net "Hold2_SDatI", 0 0, v0x1db57e0_0;  1 drivers
v0x1db7ad0_0 .net "Hold3_SDatI", 0 0, v0x1db58a0_0;  1 drivers
v0x1db7ba0_0 .net "MAckO_1", 0 0, v0x1db5940_0;  1 drivers
v0x1db7c70_0 .net "MAckO_SAckI", 0 0, v0x1db5a00_0;  1 drivers
v0x1db7d40_0 .net "MDatO_SDatI", 0 0, v0x1db5ea0_0;  1 drivers
v0x1db7e10_0 .net "MErrAlignO_1", 0 0, v0x1db5f60_0;  1 drivers
v0x1db7ee0_0 .net "SAdrO_MAdrI", 0 0, v0x1db63e0_0;  1 drivers
v0x1db7fb0_0 .net "SDatO_MDatI15_0", 0 0, v0x1db6590_0;  1 drivers
v0x1db8110_0 .net "SDatO_MDatI31_16", 0 0, v0x1db6630_0;  1 drivers
v0x1db81e0_0 .net "SDatO_MDatI47_32", 0 0, v0x1db66d0_0;  1 drivers
v0x1db82b0_0 .net "SDatO_MDatI63_48", 0 0, v0x1db6770_0;  1 drivers
v0x1db8350_0 .net "SSignedO_MSignedI", 0 0, v0x1db6830_0;  1 drivers
v0x1db8420_0 .net "SSizO_1", 0 0, v0x1db68f0_0;  1 drivers
v0x1db84f0_0 .net "SSizO_MSizI0", 0 0, v0x1db69b0_0;  1 drivers
v0x1db85c0_0 .net "SStbO_1", 0 0, v0x1db6a70_0;  1 drivers
v0x1db8690_0 .net "SStbO_MStbI", 0 0, v0x1db6b30_0;  1 drivers
v0x1db8840_0 .net "SWeO_MWeI", 0 0, v0x1db6bf0_0;  1 drivers
L_0x7fe2aeb8a018 .functor BUFT 1, C4<00>, C4<0>, C4<0>, C4<0>;
v0x1db88e0_0 .net/2u *"_s0", 1 0, L_0x7fe2aeb8a018;  1 drivers
v0x1db8980_0 .net *"_s100", 15 0, L_0x1dd6160;  1 drivers
L_0x7fe2aeb8a5b8 .functor BUFT 1, C4<0000000000000000000000000000000000000000000000000000000000000010>, C4<0>, C4<0>, C4<0>;
v0x1db8a20_0 .net/2u *"_s104", 63 0, L_0x7fe2aeb8a5b8;  1 drivers
L_0x7fe2aeb8a600 .functor BUFT 1, C4<0000000000000000000000000000000000000000000000000000000000000000>, C4<0>, C4<0>, C4<0>;
v0x1db8ac0_0 .net/2u *"_s106", 63 0, L_0x7fe2aeb8a600;  1 drivers
v0x1db8b60_0 .net *"_s108", 63 0, L_0x1dd64d0;  1 drivers
L_0x7fe2aeb8a648 .functor BUFT 1, C4<0000000000000000000000000000000000000000000000000000000000000100>, C4<0>, C4<0>, C4<0>;
v0x1db8c00_0 .net/2u *"_s110", 63 0, L_0x7fe2aeb8a648;  1 drivers
L_0x7fe2aeb8a690 .functor BUFT 1, C4<0000000000000000000000000000000000000000000000000000000000000000>, C4<0>, C4<0>, C4<0>;
v0x1db8ca0_0 .net/2u *"_s112", 63 0, L_0x7fe2aeb8a690;  1 drivers
v0x1db8d40_0 .net *"_s114", 63 0, L_0x1dd6660;  1 drivers
v0x1db8de0_0 .net *"_s116", 63 0, L_0x1dd6830;  1 drivers
L_0x7fe2aeb8a6d8 .functor BUFT 1, C4<0000000000000000000000000000000000000000000000000000000000000110>, C4<0>, C4<0>, C4<0>;
v0x1db8e80_0 .net/2u *"_s118", 63 0, L_0x7fe2aeb8a6d8;  1 drivers
L_0x7fe2aeb8a0f0 .functor BUFT 1, C4<11>, C4<0>, C4<0>, C4<0>;
v0x1db8f40_0 .net/2u *"_s12", 1 0, L_0x7fe2aeb8a0f0;  1 drivers
L_0x7fe2aeb8a720 .functor BUFT 1, C4<0000000000000000000000000000000000000000000000000000000000000000>, C4<0>, C4<0>, C4<0>;
v0x1db9020_0 .net/2u *"_s120", 63 0, L_0x7fe2aeb8a720;  1 drivers
v0x1db9100_0 .net *"_s122", 63 0, L_0x1dd6940;  1 drivers
v0x1db91e0_0 .net *"_s124", 63 0, L_0x1dd6ad0;  1 drivers
v0x1db92c0_0 .net *"_s126", 63 0, L_0x1dd6c40;  1 drivers
L_0x7fe2aeb8a768 .functor BUFT 1, C4<0000000000000000000000000000000000000000000000000000000000000000>, C4<0>, C4<0>, C4<0>;
v0x1db8770_0 .net/2u *"_s128", 63 0, L_0x7fe2aeb8a768;  1 drivers
v0x1db9590_0 .net *"_s135", 0 0, L_0x1dd7060;  1 drivers
v0x1db9670_0 .net *"_s136", 55 0, L_0x1dd7150;  1 drivers
v0x1db9750_0 .net *"_s139", 7 0, L_0x1dd6da0;  1 drivers
L_0x7fe2aeb8a7b0 .functor BUFT 1, C4<00000000000000000000000000000000000000000000000000000000>, C4<0>, C4<0>, C4<0>;
v0x1db9830_0 .net/2u *"_s142", 55 0, L_0x7fe2aeb8a7b0;  1 drivers
v0x1db9910_0 .net *"_s145", 7 0, L_0x1dd73c0;  1 drivers
v0x1db99f0_0 .net *"_s149", 0 0, L_0x1dd7560;  1 drivers
v0x1db9ad0_0 .net *"_s150", 47 0, L_0x1dd7cf0;  1 drivers
L_0x7fe2aeb8a7f8 .functor BUFT 1, C4<000000000000000000000000000000000000000000000000>, C4<0>, C4<0>, C4<0>;
v0x1db9bb0_0 .net/2u *"_s154", 47 0, L_0x7fe2aeb8a7f8;  1 drivers
v0x1db9c90_0 .net *"_s159", 0 0, L_0x1dd7f20;  1 drivers
v0x1db9d70_0 .net *"_s16", 0 0, L_0x1dc3f00;  1 drivers
v0x1db9e50_0 .net *"_s160", 31 0, L_0x1dd86e0;  1 drivers
L_0x7fe2aeb8a840 .functor BUFT 1, C4<00000000000000000000000000000000>, C4<0>, C4<0>, C4<0>;
v0x1db9f30_0 .net/2u *"_s164", 31 0, L_0x7fe2aeb8a840;  1 drivers
v0x1dba010_0 .net *"_s170", 0 0, L_0x1dd81e0;  1 drivers
v0x1dba0f0_0 .net *"_s172", 0 0, L_0x1dd9010;  1 drivers
L_0x7fe2aeb8a888 .functor BUFT 1, C4<0000000000000000000000000000000000000000000000000000000000000000>, C4<0>, C4<0>, C4<0>;
v0x1dba1d0_0 .net/2u *"_s174", 63 0, L_0x7fe2aeb8a888;  1 drivers
v0x1dba2b0_0 .net *"_s176", 63 0, L_0x1dd91a0;  1 drivers
v0x1dba390_0 .net *"_s178", 0 0, L_0x1dd6ff0;  1 drivers
v0x1dba470_0 .net *"_s180", 0 0, L_0x1dd93c0;  1 drivers
v0x1dba550_0 .net *"_s182", 0 0, L_0x1dd94c0;  1 drivers
L_0x7fe2aeb8a8d0 .functor BUFT 1, C4<0000000000000000000000000000000000000000000000000000000000000000>, C4<0>, C4<0>, C4<0>;
v0x1dba630_0 .net/2u *"_s184", 63 0, L_0x7fe2aeb8a8d0;  1 drivers
v0x1dba710_0 .net *"_s186", 63 0, L_0x1dd9580;  1 drivers
v0x1dba7f0_0 .net *"_s188", 63 0, L_0x1dd9710;  1 drivers
v0x1dba8d0_0 .net *"_s190", 0 0, L_0x1dd9430;  1 drivers
v0x1dba9b0_0 .net *"_s192", 0 0, L_0x1dd9950;  1 drivers
L_0x7fe2aeb8a918 .functor BUFT 1, C4<0000000000000000000000000000000000000000000000000000000000000000>, C4<0>, C4<0>, C4<0>;
v0x1dbaa90_0 .net/2u *"_s194", 63 0, L_0x7fe2aeb8a918;  1 drivers
v0x1dbab70_0 .net *"_s196", 63 0, L_0x1dd9820;  1 drivers
v0x1dbac50_0 .net *"_s198", 63 0, L_0x1dd8a40;  1 drivers
L_0x7fe2aeb8a138 .functor BUFT 1, C4<0>, C4<0>, C4<0>, C4<0>;
v0x1dbad30_0 .net/2u *"_s20", 0 0, L_0x7fe2aeb8a138;  1 drivers
v0x1dbae10_0 .net *"_s200", 0 0, L_0x1dd9e50;  1 drivers
v0x1dbaef0_0 .net *"_s202", 0 0, L_0x1dd9a10;  1 drivers
v0x1dbafd0_0 .net *"_s204", 0 0, L_0x1dd9f80;  1 drivers
L_0x7fe2aeb8a960 .functor BUFT 1, C4<0000000000000000000000000000000000000000000000000000000000000000>, C4<0>, C4<0>, C4<0>;
v0x1db9360_0 .net/2u *"_s206", 63 0, L_0x7fe2aeb8a960;  1 drivers
v0x1db9440_0 .net *"_s208", 63 0, L_0x1dd9ec0;  1 drivers
v0x1dbb480_0 .net *"_s210", 63 0, L_0x1dda200;  1 drivers
v0x1dbb520_0 .net *"_s212", 0 0, L_0x1dda310;  1 drivers
v0x1dbb5c0_0 .net *"_s214", 0 0, L_0x1dda040;  1 drivers
L_0x7fe2aeb8a9a8 .functor BUFT 1, C4<0000000000000000000000000000000000000000000000000000000000000000>, C4<0>, C4<0>, C4<0>;
v0x1dbb6a0_0 .net/2u *"_s216", 63 0, L_0x7fe2aeb8a9a8;  1 drivers
v0x1dbb780_0 .net *"_s218", 63 0, L_0x1dda4b0;  1 drivers
v0x1dbb860_0 .net *"_s220", 63 0, L_0x1dd9dc0;  1 drivers
v0x1dbb940_0 .net *"_s222", 0 0, L_0x1dda380;  1 drivers
v0x1dbba20_0 .net *"_s224", 0 0, L_0x1dda3f0;  1 drivers
v0x1dbbb00_0 .net *"_s226", 0 0, L_0x1dda780;  1 drivers
L_0x7fe2aeb8a9f0 .functor BUFT 1, C4<0000000000000000000000000000000000000000000000000000000000000000>, C4<0>, C4<0>, C4<0>;
v0x1dbbbe0_0 .net/2u *"_s228", 63 0, L_0x7fe2aeb8a9f0;  1 drivers
v0x1dbbcc0_0 .net *"_s230", 63 0, L_0x1ddaa80;  1 drivers
v0x1dbbda0_0 .net *"_s232", 63 0, L_0x1ddac10;  1 drivers
v0x1dbbe80_0 .net *"_s234", 0 0, L_0x1dda980;  1 drivers
L_0x7fe2aeb8aa38 .functor BUFT 1, C4<0000000000000000000000000000000000000000000000000000000000000000>, C4<0>, C4<0>, C4<0>;
v0x1dbbf60_0 .net/2u *"_s236", 63 0, L_0x7fe2aeb8aa38;  1 drivers
v0x1dbc040_0 .net *"_s238", 63 0, L_0x1ddaf40;  1 drivers
v0x1dbc120_0 .net *"_s24", 1 0, L_0x1dc4330;  1 drivers
v0x1dbc200_0 .net *"_s242", 1 0, L_0x1ddad20;  1 drivers
L_0x7fe2aeb8aa80 .functor BUFT 1, C4<0>, C4<0>, C4<0>, C4<0>;
v0x1dbc2e0_0 .net *"_s245", 0 0, L_0x7fe2aeb8aa80;  1 drivers
L_0x7fe2aeb8aac8 .functor BUFT 1, C4<00>, C4<0>, C4<0>, C4<0>;
v0x1dbc3c0_0 .net/2u *"_s246", 1 0, L_0x7fe2aeb8aac8;  1 drivers
v0x1dbc4a0_0 .net *"_s248", 1 0, L_0x1ddb340;  1 drivers
L_0x7fe2aeb8ab10 .functor BUFT 1, C4<01>, C4<0>, C4<0>, C4<0>;
v0x1dbc580_0 .net/2u *"_s250", 1 0, L_0x7fe2aeb8ab10;  1 drivers
L_0x7fe2aeb8ab58 .functor BUFT 1, C4<00>, C4<0>, C4<0>, C4<0>;
v0x1dbc660_0 .net/2u *"_s252", 1 0, L_0x7fe2aeb8ab58;  1 drivers
v0x1dbc740_0 .net *"_s254", 1 0, L_0x1ddb0d0;  1 drivers
v0x1dbc820_0 .net *"_s256", 1 0, L_0x1ddb680;  1 drivers
L_0x7fe2aeb8a180 .functor BUFT 1, C4<0>, C4<0>, C4<0>, C4<0>;
v0x1dbc900_0 .net *"_s27", 0 0, L_0x7fe2aeb8a180;  1 drivers
L_0x7fe2aeb8a1c8 .functor BUFT 1, C4<00>, C4<0>, C4<0>, C4<0>;
v0x1dbc9e0_0 .net/2u *"_s28", 1 0, L_0x7fe2aeb8a1c8;  1 drivers
v0x1dbcac0_0 .net *"_s30", 1 0, L_0x1dc4460;  1 drivers
L_0x7fe2aeb8a210 .functor BUFT 1, C4<01>, C4<0>, C4<0>, C4<0>;
v0x1dbcba0_0 .net/2u *"_s32", 1 0, L_0x7fe2aeb8a210;  1 drivers
L_0x7fe2aeb8a258 .functor BUFT 1, C4<00>, C4<0>, C4<0>, C4<0>;
v0x1dbcc80_0 .net/2u *"_s34", 1 0, L_0x7fe2aeb8a258;  1 drivers
v0x1dbcd60_0 .net *"_s36", 1 0, L_0x1dc4680;  1 drivers
v0x1dbce40_0 .net *"_s38", 1 0, L_0x1dc4810;  1 drivers
L_0x7fe2aeb8a060 .functor BUFT 1, C4<01>, C4<0>, C4<0>, C4<0>;
v0x1dbcf20_0 .net/2u *"_s4", 1 0, L_0x7fe2aeb8a060;  1 drivers
v0x1dbd000_0 .net *"_s43", 0 0, L_0x1dc4a60;  1 drivers
v0x1dbd0e0_0 .net *"_s44", 1 0, L_0x1dc4b60;  1 drivers
L_0x7fe2aeb8a2a0 .functor BUFT 1, C4<0>, C4<0>, C4<0>, C4<0>;
v0x1dbd1c0_0 .net *"_s47", 0 0, L_0x7fe2aeb8a2a0;  1 drivers
L_0x7fe2aeb8a2e8 .functor BUFT 1, C4<00>, C4<0>, C4<0>, C4<0>;
v0x1dbd2a0_0 .net/2u *"_s48", 1 0, L_0x7fe2aeb8a2e8;  1 drivers
v0x1dbd380_0 .net *"_s50", 1 0, L_0x1dc4c50;  1 drivers
L_0x7fe2aeb8a330 .functor BUFT 1, C4<01>, C4<0>, C4<0>, C4<0>;
v0x1dbd460_0 .net/2u *"_s52", 1 0, L_0x7fe2aeb8a330;  1 drivers
L_0x7fe2aeb8a378 .functor BUFT 1, C4<00>, C4<0>, C4<0>, C4<0>;
v0x1dbd540_0 .net/2u *"_s54", 1 0, L_0x7fe2aeb8a378;  1 drivers
v0x1dbd620_0 .net *"_s56", 1 0, L_0x1dc4e50;  1 drivers
v0x1dbd700_0 .net *"_s58", 1 0, L_0x1dc4fe0;  1 drivers
L_0x7fe2aeb8a3c0 .functor BUFT 1, C4<0>, C4<0>, C4<0>, C4<0>;
v0x1dbd7e0_0 .net/2u *"_s62", 0 0, L_0x7fe2aeb8a3c0;  1 drivers
v0x1dbd8c0_0 .net *"_s67", 15 0, L_0x1dc5490;  1 drivers
L_0x7fe2aeb8a408 .functor BUFT 1, C4<0000000000000000>, C4<0>, C4<0>, C4<0>;
v0x1dbd9a0_0 .net/2u *"_s68", 15 0, L_0x7fe2aeb8a408;  1 drivers
v0x1dbda80_0 .net *"_s70", 15 0, L_0x1dd5620;  1 drivers
v0x1dbdb60_0 .net *"_s73", 15 0, L_0x1dd56c0;  1 drivers
L_0x7fe2aeb8a450 .functor BUFT 1, C4<0000000000000000>, C4<0>, C4<0>, C4<0>;
v0x1dbdc40_0 .net/2u *"_s74", 15 0, L_0x7fe2aeb8a450;  1 drivers
v0x1dbdd20_0 .net *"_s76", 15 0, L_0x1dd5800;  1 drivers
v0x1dbde00_0 .net *"_s78", 15 0, L_0x1dd58a0;  1 drivers
L_0x7fe2aeb8a0a8 .functor BUFT 1, C4<10>, C4<0>, C4<0>, C4<0>;
v0x1dbdee0_0 .net/2u *"_s8", 1 0, L_0x7fe2aeb8a0a8;  1 drivers
v0x1dbdfc0_0 .net *"_s81", 15 0, L_0x1dd59b0;  1 drivers
L_0x7fe2aeb8a498 .functor BUFT 1, C4<0000000000000000>, C4<0>, C4<0>, C4<0>;
v0x1dbe0a0_0 .net/2u *"_s82", 15 0, L_0x7fe2aeb8a498;  1 drivers
v0x1dbe180_0 .net *"_s84", 15 0, L_0x1dd5760;  1 drivers
v0x1dbe260_0 .net *"_s86", 15 0, L_0x1dd5cf0;  1 drivers
v0x1dbe340_0 .net *"_s89", 15 0, L_0x1dd5e00;  1 drivers
L_0x7fe2aeb8a4e0 .functor BUFT 1, C4<0000000000000000>, C4<0>, C4<0>, C4<0>;
v0x1dbe420_0 .net/2u *"_s90", 15 0, L_0x7fe2aeb8a4e0;  1 drivers
v0x1dbe500_0 .net *"_s92", 15 0, L_0x1dd5ae0;  1 drivers
v0x1dbe5e0_0 .net *"_s94", 15 0, L_0x1dd6050;  1 drivers
L_0x7fe2aeb8a528 .functor BUFT 1, C4<1111111111111111>, C4<0>, C4<0>, C4<0>;
v0x1dbe6c0_0 .net/2u *"_s96", 15 0, L_0x7fe2aeb8a528;  1 drivers
L_0x7fe2aeb8a570 .functor BUFT 1, C4<0000000011111111>, C4<0>, C4<0>, C4<0>;
v0x1dbe7a0_0 .net/2u *"_s98", 15 0, L_0x7fe2aeb8a570;  1 drivers
v0x1dbe880_0 .var "ack1", 0 0;
v0x1dbe950_0 .net "ack1_o", 0 0, v0x1db6d70_0;  1 drivers
v0x1dbb0a0_0 .var "ack2", 0 0;
v0x1dbb170_0 .net "ack2_o", 0 0, v0x1db6ef0_0;  1 drivers
v0x1dbb240_0 .var "ack3", 0 0;
v0x1dbb310_0 .net "ack3_o", 0 0, v0x1db7070_0;  1 drivers
v0x1dbb3e0_0 .net "clk_i", 0 0, v0x1dc2720_0;  1 drivers
v0x1dbf200_0 .var "hold1", 15 0;
v0x1dbf2a0_0 .var "hold2", 15 0;
v0x1dbf340_0 .var "hold3", 15 0;
v0x1dbf400_0 .net "m_ack_o", 0 0, L_0x1ddb790;  alias, 1 drivers
v0x1dbf4c0_0 .net "m_adr_i", 63 0, v0x1dc28e0_0;  1 drivers
v0x1dbf5a0_0 .net "m_cyc_i", 0 0, v0x1dc29e0_0;  1 drivers
v0x1dbf670_0 .net "m_dat_i", 63 0, v0x1dc2ad0_0;  1 drivers
v0x1dbf730_0 .net "m_dat_o", 63 0, L_0x1dda5f0;  alias, 1 drivers
v0x1dbf810_0 .net "m_err_align_o", 0 0, L_0x1dd6f30;  alias, 1 drivers
v0x1dbf8d0_0 .net "m_signed_i", 0 0, v0x1dc2d30_0;  1 drivers
v0x1dbf990_0 .net "m_siz_i", 1 0, v0x1dc2e00_0;  1 drivers
v0x1dbfa70_0 .net "m_stb_i", 0 0, v0x1dc2f60_0;  1 drivers
v0x1dbfb40_0 .net "m_we_i", 0 0, v0x1dc3000_0;  1 drivers
v0x1dbfbe0_0 .net "plus2", 0 0, v0x1db64a0_0;  1 drivers
v0x1dbfcb0_0 .net "plus4", 0 0, v0x1db7320_0;  1 drivers
v0x1dbfd80_0 .net "plus6", 0 0, v0x1db73c0_0;  1 drivers
v0x1dbfe20_0 .net "reqByte", 0 0, L_0x1dc39f0;  1 drivers
v0x1dbfec0_0 .net "reqDWord", 0 0, L_0x1dc3de0;  1 drivers
v0x1dbff60_0 .net "reqHWord", 0 0, L_0x1dc3b60;  1 drivers
v0x1dc0020_0 .net "reqWord", 0 0, L_0x1dc3c80;  1 drivers
v0x1dc00e0_0 .net "reset_i", 0 0, v0x1dc30a0_0;  1 drivers
v0x1dc01b0_0 .net "s_ack_i", 0 0, v0x1dc3190_0;  1 drivers
v0x1dc0280_0 .net "s_adr_o", 63 0, L_0x1dd6d00;  alias, 1 drivers
v0x1dc0320_0 .net "s_cyc_o", 0 0, L_0x1dc3ff0;  alias, 1 drivers
v0x1dc03e0_0 .net "s_dat_16s", 63 0, L_0x1dd7bd0;  1 drivers
v0x1dc04c0_0 .net "s_dat_16u", 63 0, L_0x1dd8050;  1 drivers
v0x1dc05a0_0 .net "s_dat_32s", 63 0, L_0x1dd8890;  1 drivers
v0x1dc0680_0 .net "s_dat_32u", 63 0, L_0x1dd7600;  1 drivers
v0x1dc0760_0 .net "s_dat_64", 63 0, L_0x1dd8140;  1 drivers
v0x1dc0840_0 .net "s_dat_8s", 63 0, L_0x1dd74c0;  1 drivers
v0x1dc0920_0 .net "s_dat_8u", 63 0, L_0x1dd7700;  1 drivers
v0x1dc0a00_0 .net "s_dat_i", 15 0, v0x1dc33c0_0;  1 drivers
v0x1dc0ae0_0 .net "s_dat_o", 15 0, L_0x1dd62d0;  alias, 1 drivers
v0x1dc0bc0_0 .net "s_signed_o", 0 0, L_0x1dc52b0;  alias, 1 drivers
v0x1dc0c80_0 .net "s_siz_o", 0 0, L_0x1dc50f0;  alias, 1 drivers
v0x1dc0d40_0 .net "s_stb_o", 0 0, L_0x1dc4920;  alias, 1 drivers
v0x1dc0e00_0 .net "s_we_o", 0 0, L_0x1dc4150;  alias, 1 drivers
E_0x1db4f10 .event posedge, v0x1dbb3e0_0;
L_0x1dc39f0 .cmp/eq 2, v0x1dc2e00_0, L_0x7fe2aeb8a018;
L_0x1dc3b60 .cmp/eq 2, v0x1dc2e00_0, L_0x7fe2aeb8a060;
L_0x1dc3c80 .cmp/eq 2, v0x1dc2e00_0, L_0x7fe2aeb8a0a8;
L_0x1dc3de0 .cmp/eq 2, v0x1dc2e00_0, L_0x7fe2aeb8a0f0;
L_0x1dc4150 .functor MUXZ 1, L_0x7fe2aeb8a138, v0x1dc3000_0, v0x1db6bf0_0, C4<>;
L_0x1dc4330 .concat [ 1 1 0 0], v0x1dc2f60_0, L_0x7fe2aeb8a180;
L_0x1dc4460 .functor MUXZ 2, L_0x7fe2aeb8a1c8, L_0x1dc4330, v0x1db6b30_0, C4<>;
L_0x1dc4680 .functor MUXZ 2, L_0x7fe2aeb8a258, L_0x7fe2aeb8a210, v0x1db6a70_0, C4<>;
L_0x1dc4920 .part L_0x1dc4810, 0, 1;
L_0x1dc4a60 .part v0x1dc2e00_0, 0, 1;
L_0x1dc4b60 .concat [ 1 1 0 0], L_0x1dc4a60, L_0x7fe2aeb8a2a0;
L_0x1dc4c50 .functor MUXZ 2, L_0x7fe2aeb8a2e8, L_0x1dc4b60, v0x1db69b0_0, C4<>;
L_0x1dc4e50 .functor MUXZ 2, L_0x7fe2aeb8a378, L_0x7fe2aeb8a330, v0x1db68f0_0, C4<>;
L_0x1dc50f0 .part L_0x1dc4fe0, 0, 1;
L_0x1dc52b0 .functor MUXZ 1, L_0x7fe2aeb8a3c0, v0x1dc2d30_0, v0x1db6830_0, C4<>;
L_0x1dc5490 .part v0x1dc2ad0_0, 48, 16;
L_0x1dd5620 .functor MUXZ 16, L_0x7fe2aeb8a408, L_0x1dc5490, v0x1db6770_0, C4<>;
L_0x1dd56c0 .part v0x1dc2ad0_0, 32, 16;
L_0x1dd5800 .functor MUXZ 16, L_0x7fe2aeb8a450, L_0x1dd56c0, v0x1db66d0_0, C4<>;
L_0x1dd59b0 .part v0x1dc2ad0_0, 16, 16;
L_0x1dd5760 .functor MUXZ 16, L_0x7fe2aeb8a498, L_0x1dd59b0, v0x1db6630_0, C4<>;
L_0x1dd5e00 .part v0x1dc2ad0_0, 0, 16;
L_0x1dd5ae0 .functor MUXZ 16, L_0x7fe2aeb8a4e0, L_0x1dd5e00, v0x1db6590_0, C4<>;
L_0x1dd6160 .functor MUXZ 16, L_0x7fe2aeb8a570, L_0x7fe2aeb8a528, L_0x1dc50f0, C4<>;
L_0x1dd64d0 .functor MUXZ 64, L_0x7fe2aeb8a600, L_0x7fe2aeb8a5b8, v0x1db64a0_0, C4<>;
L_0x1dd6660 .functor MUXZ 64, L_0x7fe2aeb8a690, L_0x7fe2aeb8a648, v0x1db7320_0, C4<>;
L_0x1dd6940 .functor MUXZ 64, L_0x7fe2aeb8a720, L_0x7fe2aeb8a6d8, v0x1db73c0_0, C4<>;
L_0x1dd6d00 .functor MUXZ 64, L_0x7fe2aeb8a768, L_0x1dd6c40, v0x1db63e0_0, C4<>;
L_0x1dd7060 .part v0x1dc33c0_0, 7, 1;
LS_0x1dd7150_0_0 .concat [ 1 1 1 1], L_0x1dd7060, L_0x1dd7060, L_0x1dd7060, L_0x1dd7060;
LS_0x1dd7150_0_4 .concat [ 1 1 1 1], L_0x1dd7060, L_0x1dd7060, L_0x1dd7060, L_0x1dd7060;
LS_0x1dd7150_0_8 .concat [ 1 1 1 1], L_0x1dd7060, L_0x1dd7060, L_0x1dd7060, L_0x1dd7060;
LS_0x1dd7150_0_12 .concat [ 1 1 1 1], L_0x1dd7060, L_0x1dd7060, L_0x1dd7060, L_0x1dd7060;
LS_0x1dd7150_0_16 .concat [ 1 1 1 1], L_0x1dd7060, L_0x1dd7060, L_0x1dd7060, L_0x1dd7060;
LS_0x1dd7150_0_20 .concat [ 1 1 1 1], L_0x1dd7060, L_0x1dd7060, L_0x1dd7060, L_0x1dd7060;
LS_0x1dd7150_0_24 .concat [ 1 1 1 1], L_0x1dd7060, L_0x1dd7060, L_0x1dd7060, L_0x1dd7060;
LS_0x1dd7150_0_28 .concat [ 1 1 1 1], L_0x1dd7060, L_0x1dd7060, L_0x1dd7060, L_0x1dd7060;
LS_0x1dd7150_0_32 .concat [ 1 1 1 1], L_0x1dd7060, L_0x1dd7060, L_0x1dd7060, L_0x1dd7060;
LS_0x1dd7150_0_36 .concat [ 1 1 1 1], L_0x1dd7060, L_0x1dd7060, L_0x1dd7060, L_0x1dd7060;
LS_0x1dd7150_0_40 .concat [ 1 1 1 1], L_0x1dd7060, L_0x1dd7060, L_0x1dd7060, L_0x1dd7060;
LS_0x1dd7150_0_44 .concat [ 1 1 1 1], L_0x1dd7060, L_0x1dd7060, L_0x1dd7060, L_0x1dd7060;
LS_0x1dd7150_0_48 .concat [ 1 1 1 1], L_0x1dd7060, L_0x1dd7060, L_0x1dd7060, L_0x1dd7060;
LS_0x1dd7150_0_52 .concat [ 1 1 1 1], L_0x1dd7060, L_0x1dd7060, L_0x1dd7060, L_0x1dd7060;
LS_0x1dd7150_1_0 .concat [ 4 4 4 4], LS_0x1dd7150_0_0, LS_0x1dd7150_0_4, LS_0x1dd7150_0_8, LS_0x1dd7150_0_12;
LS_0x1dd7150_1_4 .concat [ 4 4 4 4], LS_0x1dd7150_0_16, LS_0x1dd7150_0_20, LS_0x1dd7150_0_24, LS_0x1dd7150_0_28;
LS_0x1dd7150_1_8 .concat [ 4 4 4 4], LS_0x1dd7150_0_32, LS_0x1dd7150_0_36, LS_0x1dd7150_0_40, LS_0x1dd7150_0_44;
LS_0x1dd7150_1_12 .concat [ 4 4 0 0], LS_0x1dd7150_0_48, LS_0x1dd7150_0_52;
L_0x1dd7150 .concat [ 16 16 16 8], LS_0x1dd7150_1_0, LS_0x1dd7150_1_4, LS_0x1dd7150_1_8, LS_0x1dd7150_1_12;
L_0x1dd6da0 .part v0x1dc33c0_0, 0, 8;
L_0x1dd74c0 .concat [ 8 56 0 0], L_0x1dd6da0, L_0x1dd7150;
L_0x1dd73c0 .part v0x1dc33c0_0, 0, 8;
L_0x1dd7700 .concat [ 8 56 0 0], L_0x1dd73c0, L_0x7fe2aeb8a7b0;
L_0x1dd7560 .part v0x1dc33c0_0, 15, 1;
LS_0x1dd7cf0_0_0 .concat [ 1 1 1 1], L_0x1dd7560, L_0x1dd7560, L_0x1dd7560, L_0x1dd7560;
LS_0x1dd7cf0_0_4 .concat [ 1 1 1 1], L_0x1dd7560, L_0x1dd7560, L_0x1dd7560, L_0x1dd7560;
LS_0x1dd7cf0_0_8 .concat [ 1 1 1 1], L_0x1dd7560, L_0x1dd7560, L_0x1dd7560, L_0x1dd7560;
LS_0x1dd7cf0_0_12 .concat [ 1 1 1 1], L_0x1dd7560, L_0x1dd7560, L_0x1dd7560, L_0x1dd7560;
LS_0x1dd7cf0_0_16 .concat [ 1 1 1 1], L_0x1dd7560, L_0x1dd7560, L_0x1dd7560, L_0x1dd7560;
LS_0x1dd7cf0_0_20 .concat [ 1 1 1 1], L_0x1dd7560, L_0x1dd7560, L_0x1dd7560, L_0x1dd7560;
LS_0x1dd7cf0_0_24 .concat [ 1 1 1 1], L_0x1dd7560, L_0x1dd7560, L_0x1dd7560, L_0x1dd7560;
LS_0x1dd7cf0_0_28 .concat [ 1 1 1 1], L_0x1dd7560, L_0x1dd7560, L_0x1dd7560, L_0x1dd7560;
LS_0x1dd7cf0_0_32 .concat [ 1 1 1 1], L_0x1dd7560, L_0x1dd7560, L_0x1dd7560, L_0x1dd7560;
LS_0x1dd7cf0_0_36 .concat [ 1 1 1 1], L_0x1dd7560, L_0x1dd7560, L_0x1dd7560, L_0x1dd7560;
LS_0x1dd7cf0_0_40 .concat [ 1 1 1 1], L_0x1dd7560, L_0x1dd7560, L_0x1dd7560, L_0x1dd7560;
LS_0x1dd7cf0_0_44 .concat [ 1 1 1 1], L_0x1dd7560, L_0x1dd7560, L_0x1dd7560, L_0x1dd7560;
LS_0x1dd7cf0_1_0 .concat [ 4 4 4 4], LS_0x1dd7cf0_0_0, LS_0x1dd7cf0_0_4, LS_0x1dd7cf0_0_8, LS_0x1dd7cf0_0_12;
LS_0x1dd7cf0_1_4 .concat [ 4 4 4 4], LS_0x1dd7cf0_0_16, LS_0x1dd7cf0_0_20, LS_0x1dd7cf0_0_24, LS_0x1dd7cf0_0_28;
LS_0x1dd7cf0_1_8 .concat [ 4 4 4 4], LS_0x1dd7cf0_0_32, LS_0x1dd7cf0_0_36, LS_0x1dd7cf0_0_40, LS_0x1dd7cf0_0_44;
L_0x1dd7cf0 .concat [ 16 16 16 0], LS_0x1dd7cf0_1_0, LS_0x1dd7cf0_1_4, LS_0x1dd7cf0_1_8;
L_0x1dd7bd0 .concat [ 16 48 0 0], v0x1dc33c0_0, L_0x1dd7cf0;
L_0x1dd8050 .concat [ 16 48 0 0], v0x1dc33c0_0, L_0x7fe2aeb8a7f8;
L_0x1dd7f20 .part v0x1dbf200_0, 15, 1;
LS_0x1dd86e0_0_0 .concat [ 1 1 1 1], L_0x1dd7f20, L_0x1dd7f20, L_0x1dd7f20, L_0x1dd7f20;
LS_0x1dd86e0_0_4 .concat [ 1 1 1 1], L_0x1dd7f20, L_0x1dd7f20, L_0x1dd7f20, L_0x1dd7f20;
LS_0x1dd86e0_0_8 .concat [ 1 1 1 1], L_0x1dd7f20, L_0x1dd7f20, L_0x1dd7f20, L_0x1dd7f20;
LS_0x1dd86e0_0_12 .concat [ 1 1 1 1], L_0x1dd7f20, L_0x1dd7f20, L_0x1dd7f20, L_0x1dd7f20;
LS_0x1dd86e0_0_16 .concat [ 1 1 1 1], L_0x1dd7f20, L_0x1dd7f20, L_0x1dd7f20, L_0x1dd7f20;
LS_0x1dd86e0_0_20 .concat [ 1 1 1 1], L_0x1dd7f20, L_0x1dd7f20, L_0x1dd7f20, L_0x1dd7f20;
LS_0x1dd86e0_0_24 .concat [ 1 1 1 1], L_0x1dd7f20, L_0x1dd7f20, L_0x1dd7f20, L_0x1dd7f20;
LS_0x1dd86e0_0_28 .concat [ 1 1 1 1], L_0x1dd7f20, L_0x1dd7f20, L_0x1dd7f20, L_0x1dd7f20;
LS_0x1dd86e0_1_0 .concat [ 4 4 4 4], LS_0x1dd86e0_0_0, LS_0x1dd86e0_0_4, LS_0x1dd86e0_0_8, LS_0x1dd86e0_0_12;
LS_0x1dd86e0_1_4 .concat [ 4 4 4 4], LS_0x1dd86e0_0_16, LS_0x1dd86e0_0_20, LS_0x1dd86e0_0_24, LS_0x1dd86e0_0_28;
L_0x1dd86e0 .concat [ 16 16 0 0], LS_0x1dd86e0_1_0, LS_0x1dd86e0_1_4;
L_0x1dd8890 .concat [ 16 16 32 0], v0x1dc33c0_0, v0x1dbf200_0, L_0x1dd86e0;
L_0x1dd7600 .concat [ 16 16 32 0], v0x1dc33c0_0, v0x1dbf200_0, L_0x7fe2aeb8a840;
L_0x1dd8140 .concat [ 16 16 16 16], v0x1dc33c0_0, v0x1dbf200_0, v0x1dbf2a0_0, v0x1dbf340_0;
L_0x1dd91a0 .functor MUXZ 64, L_0x7fe2aeb8a888, L_0x1dd74c0, L_0x1dd9010, C4<>;
L_0x1dd9580 .functor MUXZ 64, L_0x7fe2aeb8a8d0, L_0x1dd7700, L_0x1dd94c0, C4<>;
L_0x1dd9820 .functor MUXZ 64, L_0x7fe2aeb8a918, L_0x1dd7bd0, L_0x1dd9950, C4<>;
L_0x1dd9ec0 .functor MUXZ 64, L_0x7fe2aeb8a960, L_0x1dd8050, L_0x1dd9f80, C4<>;
L_0x1dda4b0 .functor MUXZ 64, L_0x7fe2aeb8a9a8, L_0x1dd8890, L_0x1dda040, C4<>;
L_0x1ddaa80 .functor MUXZ 64, L_0x7fe2aeb8a9f0, L_0x1dd7600, L_0x1dda780, C4<>;
L_0x1ddaf40 .functor MUXZ 64, L_0x7fe2aeb8aa38, L_0x1dd8140, L_0x1dda980, C4<>;
L_0x1ddad20 .concat [ 1 1 0 0], v0x1dc3190_0, L_0x7fe2aeb8aa80;
L_0x1ddb340 .functor MUXZ 2, L_0x7fe2aeb8aac8, L_0x1ddad20, v0x1db5a00_0, C4<>;
L_0x1ddb0d0 .functor MUXZ 2, L_0x7fe2aeb8ab58, L_0x7fe2aeb8ab10, v0x1db5940_0, C4<>;
L_0x1ddb790 .part L_0x1ddb680, 0, 1;
L_0x1ddb3e0 .part v0x1dc28e0_0, 2, 1;
L_0x1ddb480 .part v0x1dc28e0_0, 1, 1;
L_0x1ddb8d0 .part v0x1dc28e0_0, 0, 1;
L_0x1ddb970 .part v0x1dc2e00_0, 0, 1;
L_0x1ddbd00 .part v0x1dc2e00_0, 1, 1;
S_0x1db4f90 .scope module, "bs" "BottleneckSequencer" 3 93, 4 5 0, S_0x1db4a80;
 .timescale -9 -12;
    .port_info 0 /INPUT 1 "SAckI"
    .port_info 1 /INPUT 1 "ack3"
    .port_info 2 /INPUT 1 "ack2"
    .port_info 3 /INPUT 1 "ack1"
    .port_info 4 /INPUT 1 "MAdrI2"
    .port_info 5 /INPUT 1 "MAdrI1"
    .port_info 6 /INPUT 1 "MAdrI0"
    .port_info 7 /INPUT 1 "MSiz0"
    .port_info 8 /INPUT 1 "MSiz1"
    .port_info 9 /INPUT 1 "MStbI"
    .port_info 10 /INPUT 1 "MCycI"
    .port_info 11 /INPUT 1 "ResetI"
    .port_info 12 /OUTPUT 1 "SWeO_MWeI"
    .port_info 13 /OUTPUT 1 "SStbO_MStbI"
    .port_info 14 /OUTPUT 1 "SStbO_1"
    .port_info 15 /OUTPUT 1 "SSizO_MSizI0"
    .port_info 16 /OUTPUT 1 "SSizO_1"
    .port_info 17 /OUTPUT 1 "SSignedO_MSignedI"
    .port_info 18 /OUTPUT 1 "SDatO_MDatI63_48"
    .port_info 19 /OUTPUT 1 "SDatO_MDatI47_32"
    .port_info 20 /OUTPUT 1 "SDatO_MDatI31_16"
    .port_info 21 /OUTPUT 1 "SDatO_MDatI"
    .port_info 22 /OUTPUT 1 "plus6"
    .port_info 23 /OUTPUT 1 "plus4"
    .port_info 24 /OUTPUT 1 "plus2"
    .port_info 25 /OUTPUT 1 "SAdrO_MAdrI"
    .port_info 26 /OUTPUT 1 "MErrAlignO_1"
    .port_info 27 /OUTPUT 1 "MDatO_SDatI"
    .port_info 28 /OUTPUT 1 "MAckO_SAckI"
    .port_info 29 /OUTPUT 1 "MAckO_1"
    .port_info 30 /OUTPUT 1 "Hold3_SDatI"
    .port_info 31 /OUTPUT 1 "Hold2_SDatI"
    .port_info 32 /OUTPUT 1 "Hold1_SDatI"
    .port_info 33 /OUTPUT 1 "ack3_o"
    .port_info 34 /OUTPUT 1 "ack2_o"
    .port_info 35 /OUTPUT 1 "ack1_o"
v0x1db5700_0 .var "Hold1_SDatI", 0 0;
v0x1db57e0_0 .var "Hold2_SDatI", 0 0;
v0x1db58a0_0 .var "Hold3_SDatI", 0 0;
v0x1db5940_0 .var "MAckO_1", 0 0;
v0x1db5a00_0 .var "MAckO_SAckI", 0 0;
v0x1db5b10_0 .net "MAdrI0", 0 0, L_0x1ddb8d0;  1 drivers
v0x1db5bd0_0 .net "MAdrI1", 0 0, L_0x1ddb480;  1 drivers
v0x1db5c90_0 .net "MAdrI2", 0 0, L_0x1ddb3e0;  1 drivers
v0x1db5d50_0 .net "MCycI", 0 0, v0x1dc29e0_0;  alias, 1 drivers
v0x1db5ea0_0 .var "MDatO_SDatI", 0 0;
v0x1db5f60_0 .var "MErrAlignO_1", 0 0;
v0x1db6020_0 .net "MSiz0", 0 0, L_0x1ddb970;  1 drivers
v0x1db60e0_0 .net "MSiz1", 0 0, L_0x1ddbd00;  1 drivers
v0x1db61a0_0 .net "MStbI", 0 0, v0x1dc2f60_0;  alias, 1 drivers
v0x1db6260_0 .net "ResetI", 0 0, v0x1dc30a0_0;  alias, 1 drivers
v0x1db6320_0 .net "SAckI", 0 0, v0x1dc3190_0;  alias, 1 drivers
v0x1db63e0_0 .var "SAdrO_MAdrI", 0 0;
v0x1db6590_0 .var "SDatO_MDatI", 0 0;
v0x1db6630_0 .var "SDatO_MDatI31_16", 0 0;
v0x1db66d0_0 .var "SDatO_MDatI47_32", 0 0;
v0x1db6770_0 .var "SDatO_MDatI63_48", 0 0;
v0x1db6830_0 .var "SSignedO_MSignedI", 0 0;
v0x1db68f0_0 .var "SSizO_1", 0 0;
v0x1db69b0_0 .var "SSizO_MSizI0", 0 0;
v0x1db6a70_0 .var "SStbO_1", 0 0;
v0x1db6b30_0 .var "SStbO_MStbI", 0 0;
v0x1db6bf0_0 .var "SWeO_MWeI", 0 0;
v0x1db6cb0_0 .net "ack1", 0 0, v0x1dbe880_0;  1 drivers
v0x1db6d70_0 .var "ack1_o", 0 0;
v0x1db6e30_0 .net "ack2", 0 0, v0x1dbb0a0_0;  1 drivers
v0x1db6ef0_0 .var "ack2_o", 0 0;
v0x1db6fb0_0 .net "ack3", 0 0, v0x1dbb240_0;  1 drivers
v0x1db7070_0 .var "ack3_o", 0 0;
v0x1db64a0_0 .var "plus2", 0 0;
v0x1db7320_0 .var "plus4", 0 0;
v0x1db73c0_0 .var "plus6", 0 0;
E_0x1db5630/0 .event edge, v0x1db6260_0, v0x1db5d50_0, v0x1db61a0_0, v0x1db60e0_0;
E_0x1db5630/1 .event edge, v0x1db6020_0, v0x1db5b10_0, v0x1db5bd0_0, v0x1db6cb0_0;
E_0x1db5630/2 .event edge, v0x1db6320_0, v0x1db5c90_0, v0x1db6e30_0, v0x1db6fb0_0;
E_0x1db5630 .event/or E_0x1db5630/0, E_0x1db5630/1, E_0x1db5630/2;
S_0x1dc1210 .scope task, "scenario" "scenario" 2 66, 2 66 0, S_0x1d6fe20;
 .timescale -9 -12;
v0x1dc13a0_0 .var "story", 7 0;
TD_test_bottleneck.scenario ;
    %load/vec4 v0x1dc13a0_0;
    %concati/vec4 0, 0, 8;
    %assign/vec4 v0x1dc3920_0, 0;
    %pushi/vec4 0, 0, 8;
    %store/vec4 v0x1dc2660_0, 0, 8;
    %fork TD_test_bottleneck.tick, S_0x1dc2480;
    %join;
    %vpi_call 2 71 "$display", "@S SCENARIO %0d (8'h%02X)", v0x1dc13a0_0, v0x1dc13a0_0 {0 0 0};
    %end;
S_0x1dc1440 .scope task, "test_byte_rd" "test_byte_rd" 2 175, 2 175 0, S_0x1d6fe20;
 .timescale -9 -12;
TD_test_bottleneck.test_byte_rd ;
    %pushi/vec4 1, 0, 8;
    %store/vec4 v0x1dc13a0_0, 0, 8;
    %fork TD_test_bottleneck.scenario, S_0x1dc1210;
    %join;
    %pushi/vec4 2290640486, 0, 33;
    %concati/vec4 572657937, 0, 31;
    %assign/vec4 v0x1dc28e0_0, 0;
    %pushi/vec4 1, 0, 1;
    %assign/vec4 v0x1dc29e0_0, 0;
    %pushi/vec4 0, 0, 64;
    %assign/vec4 v0x1dc2ad0_0, 0;
    %pushi/vec4 1, 0, 1;
    %assign/vec4 v0x1dc2d30_0, 0;
    %pushi/vec4 0, 0, 2;
    %assign/vec4 v0x1dc2e00_0, 0;
    %pushi/vec4 1, 0, 1;
    %assign/vec4 v0x1dc2f60_0, 0;
    %pushi/vec4 0, 0, 1;
    %assign/vec4 v0x1dc3000_0, 0;
    %pushi/vec4 1, 0, 8;
    %store/vec4 v0x1dc2660_0, 0, 8;
    %fork TD_test_bottleneck.tick, S_0x1dc2480;
    %join;
    %pushi/vec4 0, 0, 1;
    %store/vec4 v0x1db35b0_0, 0, 1;
    %fork TD_test_bottleneck.assert_m_err_align_o, S_0x1db33a0;
    %join;
    %pushi/vec4 2290640486, 0, 33;
    %concati/vec4 572657937, 0, 31;
    %store/vec4 v0x1db3850_0, 0, 64;
    %fork TD_test_bottleneck.assert_s_adr_o, S_0x1db3670;
    %join;
    %pushi/vec4 1, 0, 1;
    %store/vec4 v0x1db3b80_0, 0, 1;
    %fork TD_test_bottleneck.assert_s_cyc_o, S_0x1db3950;
    %join;
    %pushi/vec4 1, 0, 1;
    %store/vec4 v0x1db4120_0, 0, 1;
    %fork TD_test_bottleneck.assert_s_signed_o, S_0x1db3f40;
    %join;
    %pushi/vec4 0, 0, 1;
    %store/vec4 v0x1db43e0_0, 0, 1;
    %fork TD_test_bottleneck.assert_s_siz_o, S_0x1db4200;
    %join;
    %pushi/vec4 1, 0, 1;
    %store/vec4 v0x1db4730_0, 0, 1;
    %fork TD_test_bottleneck.assert_s_stb_o, S_0x1db44c0;
    %join;
    %pushi/vec4 0, 0, 1;
    %store/vec4 v0x1db49a0_0, 0, 1;
    %fork TD_test_bottleneck.assert_s_we_o, S_0x1db4810;
    %join;
    %pushi/vec4 0, 0, 1;
    %assign/vec4 v0x1dc3190_0, 0;
    %pushi/vec4 170, 0, 16;
    %assign/vec4 v0x1dc33c0_0, 0;
    %pushi/vec4 2, 0, 8;
    %store/vec4 v0x1dc2660_0, 0, 8;
    %fork TD_test_bottleneck.tick, S_0x1dc2480;
    %join;
    %pushi/vec4 0, 0, 1;
    %store/vec4 v0x1d51be0_0, 0, 1;
    %fork TD_test_bottleneck.assert_m_ack_o, S_0x1d96490;
    %join;
    %pushi/vec4 1, 0, 1;
    %assign/vec4 v0x1dc3190_0, 0;
    %pushi/vec4 3, 0, 8;
    %store/vec4 v0x1dc2660_0, 0, 8;
    %fork TD_test_bottleneck.tick, S_0x1dc2480;
    %join;
    %pushi/vec4 1, 0, 1;
    %store/vec4 v0x1d51be0_0, 0, 1;
    %fork TD_test_bottleneck.assert_m_ack_o, S_0x1d96490;
    %join;
    %pushi/vec4 4294967295, 0, 32;
    %concati/vec4 4294967210, 0, 32;
    %store/vec4 v0x1db32c0_0, 0, 64;
    %fork TD_test_bottleneck.assert_m_dat_o, S_0x1db30c0;
    %join;
    %pushi/vec4 0, 0, 1;
    %assign/vec4 v0x1dc2d30_0, 0;
    %pushi/vec4 4, 0, 8;
    %store/vec4 v0x1dc2660_0, 0, 8;
    %fork TD_test_bottleneck.tick, S_0x1dc2480;
    %join;
    %pushi/vec4 170, 0, 64;
    %store/vec4 v0x1db32c0_0, 0, 64;
    %fork TD_test_bottleneck.assert_m_dat_o, S_0x1db30c0;
    %join;
    %end;
S_0x1dc1620 .scope task, "test_byte_wr" "test_byte_wr" 2 211, 2 211 0, S_0x1d6fe20;
 .timescale -9 -12;
TD_test_bottleneck.test_byte_wr ;
    %pushi/vec4 2, 0, 8;
    %store/vec4 v0x1dc13a0_0, 0, 8;
    %fork TD_test_bottleneck.scenario, S_0x1dc1210;
    %join;
    %pushi/vec4 2290640486, 0, 33;
    %concati/vec4 572657937, 0, 31;
    %assign/vec4 v0x1dc28e0_0, 0;
    %pushi/vec4 1, 0, 1;
    %assign/vec4 v0x1dc29e0_0, 0;
    %pushi/vec4 2863315899, 0, 32;
    %concati/vec4 3435978205, 0, 32;
    %assign/vec4 v0x1dc2ad0_0, 0;
    %pushi/vec4 1, 0, 1;
    %assign/vec4 v0x1dc2d30_0, 0;
    %pushi/vec4 0, 0, 2;
    %assign/vec4 v0x1dc2e00_0, 0;
    %pushi/vec4 1, 0, 1;
    %assign/vec4 v0x1dc2f60_0, 0;
    %pushi/vec4 1, 0, 1;
    %assign/vec4 v0x1dc3000_0, 0;
    %pushi/vec4 1, 0, 8;
    %store/vec4 v0x1dc2660_0, 0, 8;
    %fork TD_test_bottleneck.tick, S_0x1dc2480;
    %join;
    %pushi/vec4 0, 0, 1;
    %store/vec4 v0x1db35b0_0, 0, 1;
    %fork TD_test_bottleneck.assert_m_err_align_o, S_0x1db33a0;
    %join;
    %pushi/vec4 2290640486, 0, 33;
    %concati/vec4 572657937, 0, 31;
    %store/vec4 v0x1db3850_0, 0, 64;
    %fork TD_test_bottleneck.assert_s_adr_o, S_0x1db3670;
    %join;
    %pushi/vec4 1, 0, 1;
    %store/vec4 v0x1db3b80_0, 0, 1;
    %fork TD_test_bottleneck.assert_s_cyc_o, S_0x1db3950;
    %join;
    %pushi/vec4 1, 0, 1;
    %store/vec4 v0x1db4120_0, 0, 1;
    %fork TD_test_bottleneck.assert_s_signed_o, S_0x1db3f40;
    %join;
    %pushi/vec4 0, 0, 1;
    %store/vec4 v0x1db43e0_0, 0, 1;
    %fork TD_test_bottleneck.assert_s_siz_o, S_0x1db4200;
    %join;
    %pushi/vec4 1, 0, 1;
    %store/vec4 v0x1db4730_0, 0, 1;
    %fork TD_test_bottleneck.assert_s_stb_o, S_0x1db44c0;
    %join;
    %pushi/vec4 1, 0, 1;
    %store/vec4 v0x1db49a0_0, 0, 1;
    %fork TD_test_bottleneck.assert_s_we_o, S_0x1db4810;
    %join;
    %pushi/vec4 221, 0, 16;
    %store/vec4 v0x1db3e40_0, 0, 16;
    %fork TD_test_bottleneck.assert_s_dat_o, S_0x1db3c60;
    %join;
    %pushi/vec4 0, 0, 1;
    %assign/vec4 v0x1dc3190_0, 0;
    %pushi/vec4 2, 0, 8;
    %store/vec4 v0x1dc2660_0, 0, 8;
    %fork TD_test_bottleneck.tick, S_0x1dc2480;
    %join;
    %pushi/vec4 0, 0, 1;
    %store/vec4 v0x1d51be0_0, 0, 1;
    %fork TD_test_bottleneck.assert_m_ack_o, S_0x1d96490;
    %join;
    %pushi/vec4 1, 0, 1;
    %assign/vec4 v0x1dc3190_0, 0;
    %pushi/vec4 3, 0, 8;
    %store/vec4 v0x1dc2660_0, 0, 8;
    %fork TD_test_bottleneck.tick, S_0x1dc2480;
    %join;
    %pushi/vec4 1, 0, 1;
    %store/vec4 v0x1d51be0_0, 0, 1;
    %fork TD_test_bottleneck.assert_m_ack_o, S_0x1d96490;
    %join;
    %end;
S_0x1dc1800 .scope task, "test_dword_rd" "test_dword_rd" 2 506, 2 506 0, S_0x1d6fe20;
 .timescale -9 -12;
TD_test_bottleneck.test_dword_rd ;
    %pushi/vec4 7, 0, 8;
    %store/vec4 v0x1dc13a0_0, 0, 8;
    %fork TD_test_bottleneck.scenario, S_0x1dc1210;
    %join;
    %pushi/vec4 1, 0, 1;
    %assign/vec4 v0x1dc3190_0, 0;
    %pushi/vec4 2290640486, 0, 33;
    %concati/vec4 572657940, 0, 31;
    %assign/vec4 v0x1dc28e0_0, 0;
    %pushi/vec4 1, 0, 1;
    %assign/vec4 v0x1dc29e0_0, 0;
    %pushi/vec4 0, 0, 64;
    %assign/vec4 v0x1dc2ad0_0, 0;
    %pushi/vec4 1, 0, 1;
    %assign/vec4 v0x1dc2d30_0, 0;
    %pushi/vec4 3, 0, 2;
    %assign/vec4 v0x1dc2e00_0, 0;
    %pushi/vec4 1, 0, 1;
    %assign/vec4 v0x1dc2f60_0, 0;
    %pushi/vec4 0, 0, 1;
    %assign/vec4 v0x1dc3000_0, 0;
    %pushi/vec4 1, 0, 8;
    %store/vec4 v0x1dc2660_0, 0, 8;
    %fork TD_test_bottleneck.tick, S_0x1dc2480;
    %join;
    %pushi/vec4 1, 0, 1;
    %store/vec4 v0x1db35b0_0, 0, 1;
    %fork TD_test_bottleneck.assert_m_err_align_o, S_0x1db33a0;
    %join;
    %pushi/vec4 0, 0, 1;
    %store/vec4 v0x1d51be0_0, 0, 1;
    %fork TD_test_bottleneck.assert_m_ack_o, S_0x1d96490;
    %join;
    %pushi/vec4 0, 0, 1;
    %store/vec4 v0x1db4730_0, 0, 1;
    %fork TD_test_bottleneck.assert_s_stb_o, S_0x1db44c0;
    %join;
    %pushi/vec4 0, 0, 1;
    %store/vec4 v0x1db3b80_0, 0, 1;
    %fork TD_test_bottleneck.assert_s_cyc_o, S_0x1db3950;
    %join;
    %pushi/vec4 2290640486, 0, 33;
    %concati/vec4 572657944, 0, 31;
    %assign/vec4 v0x1dc28e0_0, 0;
    %pushi/vec4 1, 0, 1;
    %assign/vec4 v0x1dc29e0_0, 0;
    %pushi/vec4 0, 0, 64;
    %assign/vec4 v0x1dc2ad0_0, 0;
    %pushi/vec4 1, 0, 1;
    %assign/vec4 v0x1dc2d30_0, 0;
    %pushi/vec4 3, 0, 2;
    %assign/vec4 v0x1dc2e00_0, 0;
    %pushi/vec4 1, 0, 1;
    %assign/vec4 v0x1dc2f60_0, 0;
    %pushi/vec4 0, 0, 1;
    %assign/vec4 v0x1dc3000_0, 0;
    %pushi/vec4 0, 0, 1;
    %assign/vec4 v0x1dc3190_0, 0;
    %pushi/vec4 2, 0, 8;
    %store/vec4 v0x1dc2660_0, 0, 8;
    %fork TD_test_bottleneck.tick, S_0x1dc2480;
    %join;
    %pushi/vec4 0, 0, 1;
    %store/vec4 v0x1db35b0_0, 0, 1;
    %fork TD_test_bottleneck.assert_m_err_align_o, S_0x1db33a0;
    %join;
    %pushi/vec4 0, 0, 1;
    %store/vec4 v0x1d51be0_0, 0, 1;
    %fork TD_test_bottleneck.assert_m_ack_o, S_0x1d96490;
    %join;
    %pushi/vec4 2290640486, 0, 33;
    %concati/vec4 572657950, 0, 31;
    %store/vec4 v0x1db3850_0, 0, 64;
    %fork TD_test_bottleneck.assert_s_adr_o, S_0x1db3670;
    %join;
    %pushi/vec4 1, 0, 1;
    %store/vec4 v0x1db3b80_0, 0, 1;
    %fork TD_test_bottleneck.assert_s_cyc_o, S_0x1db3950;
    %join;
    %pushi/vec4 1, 0, 1;
    %store/vec4 v0x1db4120_0, 0, 1;
    %fork TD_test_bottleneck.assert_s_signed_o, S_0x1db3f40;
    %join;
    %pushi/vec4 1, 0, 1;
    %store/vec4 v0x1db43e0_0, 0, 1;
    %fork TD_test_bottleneck.assert_s_siz_o, S_0x1db4200;
    %join;
    %pushi/vec4 1, 0, 1;
    %store/vec4 v0x1db4730_0, 0, 1;
    %fork TD_test_bottleneck.assert_s_stb_o, S_0x1db44c0;
    %join;
    %pushi/vec4 0, 0, 1;
    %store/vec4 v0x1db49a0_0, 0, 1;
    %fork TD_test_bottleneck.assert_s_we_o, S_0x1db4810;
    %join;
    %pushi/vec4 1, 0, 1;
    %assign/vec4 v0x1dc3190_0, 0;
    %pushi/vec4 57005, 0, 16;
    %assign/vec4 v0x1dc33c0_0, 0;
    %pushi/vec4 5, 0, 8;
    %store/vec4 v0x1dc2660_0, 0, 8;
    %fork TD_test_bottleneck.tick, S_0x1dc2480;
    %join;
    %pushi/vec4 0, 0, 1;
    %store/vec4 v0x1db35b0_0, 0, 1;
    %fork TD_test_bottleneck.assert_m_err_align_o, S_0x1db33a0;
    %join;
    %pushi/vec4 0, 0, 1;
    %store/vec4 v0x1d51be0_0, 0, 1;
    %fork TD_test_bottleneck.assert_m_ack_o, S_0x1d96490;
    %join;
    %pushi/vec4 0, 0, 64;
    %store/vec4 v0x1db32c0_0, 0, 64;
    %fork TD_test_bottleneck.assert_m_dat_o, S_0x1db30c0;
    %join;
    %pushi/vec4 2290640486, 0, 33;
    %concati/vec4 572657948, 0, 31;
    %store/vec4 v0x1db3850_0, 0, 64;
    %fork TD_test_bottleneck.assert_s_adr_o, S_0x1db3670;
    %join;
    %pushi/vec4 1, 0, 1;
    %store/vec4 v0x1db3b80_0, 0, 1;
    %fork TD_test_bottleneck.assert_s_cyc_o, S_0x1db3950;
    %join;
    %pushi/vec4 1, 0, 1;
    %store/vec4 v0x1db4120_0, 0, 1;
    %fork TD_test_bottleneck.assert_s_signed_o, S_0x1db3f40;
    %join;
    %pushi/vec4 1, 0, 1;
    %store/vec4 v0x1db43e0_0, 0, 1;
    %fork TD_test_bottleneck.assert_s_siz_o, S_0x1db4200;
    %join;
    %pushi/vec4 1, 0, 1;
    %store/vec4 v0x1db4730_0, 0, 1;
    %fork TD_test_bottleneck.assert_s_stb_o, S_0x1db44c0;
    %join;
    %pushi/vec4 0, 0, 1;
    %store/vec4 v0x1db49a0_0, 0, 1;
    %fork TD_test_bottleneck.assert_s_we_o, S_0x1db4810;
    %join;
    %pushi/vec4 48879, 0, 16;
    %assign/vec4 v0x1dc33c0_0, 0;
    %pushi/vec4 6, 0, 8;
    %store/vec4 v0x1dc2660_0, 0, 8;
    %fork TD_test_bottleneck.tick, S_0x1dc2480;
    %join;
    %pushi/vec4 0, 0, 1;
    %store/vec4 v0x1db35b0_0, 0, 1;
    %fork TD_test_bottleneck.assert_m_err_align_o, S_0x1db33a0;
    %join;
    %pushi/vec4 0, 0, 1;
    %store/vec4 v0x1d51be0_0, 0, 1;
    %fork TD_test_bottleneck.assert_m_ack_o, S_0x1d96490;
    %join;
    %pushi/vec4 0, 0, 64;
    %store/vec4 v0x1db32c0_0, 0, 64;
    %fork TD_test_bottleneck.assert_m_dat_o, S_0x1db30c0;
    %join;
    %pushi/vec4 2290640486, 0, 33;
    %concati/vec4 572657946, 0, 31;
    %store/vec4 v0x1db3850_0, 0, 64;
    %fork TD_test_bottleneck.assert_s_adr_o, S_0x1db3670;
    %join;
    %pushi/vec4 1, 0, 1;
    %store/vec4 v0x1db3b80_0, 0, 1;
    %fork TD_test_bottleneck.assert_s_cyc_o, S_0x1db3950;
    %join;
    %pushi/vec4 1, 0, 1;
    %store/vec4 v0x1db4120_0, 0, 1;
    %fork TD_test_bottleneck.assert_s_signed_o, S_0x1db3f40;
    %join;
    %pushi/vec4 1, 0, 1;
    %store/vec4 v0x1db43e0_0, 0, 1;
    %fork TD_test_bottleneck.assert_s_siz_o, S_0x1db4200;
    %join;
    %pushi/vec4 1, 0, 1;
    %store/vec4 v0x1db4730_0, 0, 1;
    %fork TD_test_bottleneck.assert_s_stb_o, S_0x1db44c0;
    %join;
    %pushi/vec4 0, 0, 1;
    %store/vec4 v0x1db49a0_0, 0, 1;
    %fork TD_test_bottleneck.assert_s_we_o, S_0x1db4810;
    %join;
    %pushi/vec4 65261, 0, 16;
    %assign/vec4 v0x1dc33c0_0, 0;
    %pushi/vec4 7, 0, 8;
    %store/vec4 v0x1dc2660_0, 0, 8;
    %fork TD_test_bottleneck.tick, S_0x1dc2480;
    %join;
    %pushi/vec4 0, 0, 1;
    %store/vec4 v0x1db35b0_0, 0, 1;
    %fork TD_test_bottleneck.assert_m_err_align_o, S_0x1db33a0;
    %join;
    %pushi/vec4 1, 0, 1;
    %store/vec4 v0x1d51be0_0, 0, 1;
    %fork TD_test_bottleneck.assert_m_ack_o, S_0x1d96490;
    %join;
    %pushi/vec4 2290640486, 0, 33;
    %concati/vec4 572657944, 0, 31;
    %store/vec4 v0x1db3850_0, 0, 64;
    %fork TD_test_bottleneck.assert_s_adr_o, S_0x1db3670;
    %join;
    %pushi/vec4 1, 0, 1;
    %store/vec4 v0x1db3b80_0, 0, 1;
    %fork TD_test_bottleneck.assert_s_cyc_o, S_0x1db3950;
    %join;
    %pushi/vec4 1, 0, 1;
    %store/vec4 v0x1db4120_0, 0, 1;
    %fork TD_test_bottleneck.assert_s_signed_o, S_0x1db3f40;
    %join;
    %pushi/vec4 1, 0, 1;
    %store/vec4 v0x1db43e0_0, 0, 1;
    %fork TD_test_bottleneck.assert_s_siz_o, S_0x1db4200;
    %join;
    %pushi/vec4 1, 0, 1;
    %store/vec4 v0x1db4730_0, 0, 1;
    %fork TD_test_bottleneck.assert_s_stb_o, S_0x1db44c0;
    %join;
    %pushi/vec4 0, 0, 1;
    %store/vec4 v0x1db49a0_0, 0, 1;
    %fork TD_test_bottleneck.assert_s_we_o, S_0x1db4810;
    %join;
    %pushi/vec4 64206, 0, 16;
    %assign/vec4 v0x1dc33c0_0, 0;
    %delay 2000, 0;
    %pushi/vec4 3735928559, 0, 32;
    %concati/vec4 4277009102, 0, 32;
    %store/vec4 v0x1db32c0_0, 0, 64;
    %fork TD_test_bottleneck.assert_m_dat_o, S_0x1db30c0;
    %join;
    %pushi/vec4 8, 0, 8;
    %store/vec4 v0x1dc2660_0, 0, 8;
    %fork TD_test_bottleneck.tick, S_0x1dc2480;
    %join;
    %pushi/vec4 0, 0, 1;
    %store/vec4 v0x1db35b0_0, 0, 1;
    %fork TD_test_bottleneck.assert_m_err_align_o, S_0x1db33a0;
    %join;
    %pushi/vec4 0, 0, 1;
    %store/vec4 v0x1d51be0_0, 0, 1;
    %fork TD_test_bottleneck.assert_m_ack_o, S_0x1d96490;
    %join;
    %end;
S_0x1dc19e0 .scope task, "test_dword_wr" "test_dword_wr" 2 590, 2 590 0, S_0x1d6fe20;
 .timescale -9 -12;
E_0x1dc1bc0 .event edge, v0x1dbb3e0_0;
TD_test_bottleneck.test_dword_wr ;
    %pushi/vec4 8, 0, 8;
    %store/vec4 v0x1dc13a0_0, 0, 8;
    %fork TD_test_bottleneck.scenario, S_0x1dc1210;
    %join;
    %pushi/vec4 0, 0, 1;
    %assign/vec4 v0x1dc29e0_0, 0;
T_14.20 ;
    %load/vec4 v0x1dc2720_0;
    %cmpi/ne 1, 0, 1;
    %jmp/0xz T_14.21, 6;
    %wait E_0x1dc1bc0;
    %jmp T_14.20;
T_14.21 ;
    %pushi/vec4 2049, 0, 16;
    %assign/vec4 v0x1dc3920_0, 0;
    %pushi/vec4 1, 0, 1;
    %assign/vec4 v0x1dc3190_0, 0;
    %pushi/vec4 2290640486, 0, 33;
    %concati/vec4 572657944, 0, 31;
    %assign/vec4 v0x1dc28e0_0, 0;
    %pushi/vec4 1, 0, 1;
    %assign/vec4 v0x1dc29e0_0, 0;
    %pushi/vec4 2290684177, 0, 35;
    %concati/vec4 322126916, 0, 29;
    %assign/vec4 v0x1dc2ad0_0, 0;
    %pushi/vec4 1, 0, 1;
    %assign/vec4 v0x1dc2d30_0, 0;
    %pushi/vec4 3, 0, 2;
    %assign/vec4 v0x1dc2e00_0, 0;
    %pushi/vec4 1, 0, 1;
    %assign/vec4 v0x1dc2f60_0, 0;
    %pushi/vec4 1, 0, 1;
    %assign/vec4 v0x1dc3000_0, 0;
T_14.22 ;
    %load/vec4 v0x1dc2720_0;
    %inv;
    %cmpi/ne 1, 0, 1;
    %jmp/0xz T_14.23, 6;
    %wait E_0x1dc1bc0;
    %jmp T_14.22;
T_14.23 ;
    %pushi/vec4 0, 0, 1;
    %store/vec4 v0x1db35b0_0, 0, 1;
    %fork TD_test_bottleneck.assert_m_err_align_o, S_0x1db33a0;
    %join;
    %pushi/vec4 0, 0, 1;
    %store/vec4 v0x1d51be0_0, 0, 1;
    %fork TD_test_bottleneck.assert_m_ack_o, S_0x1d96490;
    %join;
    %pushi/vec4 2290640486, 0, 33;
    %concati/vec4 572657950, 0, 31;
    %store/vec4 v0x1db3850_0, 0, 64;
    %fork TD_test_bottleneck.assert_s_adr_o, S_0x1db3670;
    %join;
    %pushi/vec4 1, 0, 1;
    %store/vec4 v0x1db3b80_0, 0, 1;
    %fork TD_test_bottleneck.assert_s_cyc_o, S_0x1db3950;
    %join;
    %pushi/vec4 1, 0, 1;
    %store/vec4 v0x1db4120_0, 0, 1;
    %fork TD_test_bottleneck.assert_s_signed_o, S_0x1db3f40;
    %join;
    %pushi/vec4 1, 0, 1;
    %store/vec4 v0x1db43e0_0, 0, 1;
    %fork TD_test_bottleneck.assert_s_siz_o, S_0x1db4200;
    %join;
    %pushi/vec4 1, 0, 1;
    %store/vec4 v0x1db4730_0, 0, 1;
    %fork TD_test_bottleneck.assert_s_stb_o, S_0x1db44c0;
    %join;
    %pushi/vec4 1, 0, 1;
    %store/vec4 v0x1db49a0_0, 0, 1;
    %fork TD_test_bottleneck.assert_s_we_o, S_0x1db4810;
    %join;
    %pushi/vec4 4369, 0, 16;
    %store/vec4 v0x1db3e40_0, 0, 16;
    %fork TD_test_bottleneck.assert_s_dat_o, S_0x1db3c60;
    %join;
T_14.24 ;
    %load/vec4 v0x1dc2720_0;
    %cmpi/ne 1, 0, 1;
    %jmp/0xz T_14.25, 6;
    %wait E_0x1dc1bc0;
    %jmp T_14.24;
T_14.25 ;
    %pushi/vec4 2050, 0, 16;
    %assign/vec4 v0x1dc3920_0, 0;
    %pushi/vec4 1, 0, 1;
    %assign/vec4 v0x1dc3190_0, 0;
    %pushi/vec4 2290640486, 0, 33;
    %concati/vec4 572657944, 0, 31;
    %assign/vec4 v0x1dc28e0_0, 0;
    %pushi/vec4 1, 0, 1;
    %assign/vec4 v0x1dc29e0_0, 0;
    %pushi/vec4 2290684177, 0, 35;
    %concati/vec4 322126916, 0, 29;
    %assign/vec4 v0x1dc2ad0_0, 0;
    %pushi/vec4 1, 0, 1;
    %assign/vec4 v0x1dc2d30_0, 0;
    %pushi/vec4 3, 0, 2;
    %assign/vec4 v0x1dc2e00_0, 0;
    %pushi/vec4 1, 0, 1;
    %assign/vec4 v0x1dc2f60_0, 0;
    %pushi/vec4 1, 0, 1;
    %assign/vec4 v0x1dc3000_0, 0;
T_14.26 ;
    %load/vec4 v0x1dc2720_0;
    %inv;
    %cmpi/ne 1, 0, 1;
    %jmp/0xz T_14.27, 6;
    %wait E_0x1dc1bc0;
    %jmp T_14.26;
T_14.27 ;
    %pushi/vec4 0, 0, 1;
    %store/vec4 v0x1db35b0_0, 0, 1;
    %fork TD_test_bottleneck.assert_m_err_align_o, S_0x1db33a0;
    %join;
    %pushi/vec4 0, 0, 1;
    %store/vec4 v0x1d51be0_0, 0, 1;
    %fork TD_test_bottleneck.assert_m_ack_o, S_0x1d96490;
    %join;
    %pushi/vec4 2290640486, 0, 33;
    %concati/vec4 572657948, 0, 31;
    %store/vec4 v0x1db3850_0, 0, 64;
    %fork TD_test_bottleneck.assert_s_adr_o, S_0x1db3670;
    %join;
    %pushi/vec4 1, 0, 1;
    %store/vec4 v0x1db3b80_0, 0, 1;
    %fork TD_test_bottleneck.assert_s_cyc_o, S_0x1db3950;
    %join;
    %pushi/vec4 1, 0, 1;
    %store/vec4 v0x1db4120_0, 0, 1;
    %fork TD_test_bottleneck.assert_s_signed_o, S_0x1db3f40;
    %join;
    %pushi/vec4 1, 0, 1;
    %store/vec4 v0x1db43e0_0, 0, 1;
    %fork TD_test_bottleneck.assert_s_siz_o, S_0x1db4200;
    %join;
    %pushi/vec4 1, 0, 1;
    %store/vec4 v0x1db4730_0, 0, 1;
    %fork TD_test_bottleneck.assert_s_stb_o, S_0x1db44c0;
    %join;
    %pushi/vec4 1, 0, 1;
    %store/vec4 v0x1db49a0_0, 0, 1;
    %fork TD_test_bottleneck.assert_s_we_o, S_0x1db4810;
    %join;
    %pushi/vec4 8738, 0, 16;
    %store/vec4 v0x1db3e40_0, 0, 16;
    %fork TD_test_bottleneck.assert_s_dat_o, S_0x1db3c60;
    %join;
T_14.28 ;
    %load/vec4 v0x1dc2720_0;
    %cmpi/ne 1, 0, 1;
    %jmp/0xz T_14.29, 6;
    %wait E_0x1dc1bc0;
    %jmp T_14.28;
T_14.29 ;
    %pushi/vec4 2051, 0, 16;
    %assign/vec4 v0x1dc3920_0, 0;
    %pushi/vec4 1, 0, 1;
    %assign/vec4 v0x1dc3190_0, 0;
    %pushi/vec4 2290640486, 0, 33;
    %concati/vec4 572657944, 0, 31;
    %assign/vec4 v0x1dc28e0_0, 0;
    %pushi/vec4 1, 0, 1;
    %assign/vec4 v0x1dc29e0_0, 0;
    %pushi/vec4 2290684177, 0, 35;
    %concati/vec4 322126916, 0, 29;
    %assign/vec4 v0x1dc2ad0_0, 0;
    %pushi/vec4 1, 0, 1;
    %assign/vec4 v0x1dc2d30_0, 0;
    %pushi/vec4 3, 0, 2;
    %assign/vec4 v0x1dc2e00_0, 0;
    %pushi/vec4 1, 0, 1;
    %assign/vec4 v0x1dc2f60_0, 0;
    %pushi/vec4 1, 0, 1;
    %assign/vec4 v0x1dc3000_0, 0;
T_14.30 ;
    %load/vec4 v0x1dc2720_0;
    %inv;
    %cmpi/ne 1, 0, 1;
    %jmp/0xz T_14.31, 6;
    %wait E_0x1dc1bc0;
    %jmp T_14.30;
T_14.31 ;
    %pushi/vec4 0, 0, 1;
    %store/vec4 v0x1db35b0_0, 0, 1;
    %fork TD_test_bottleneck.assert_m_err_align_o, S_0x1db33a0;
    %join;
    %pushi/vec4 0, 0, 1;
    %store/vec4 v0x1d51be0_0, 0, 1;
    %fork TD_test_bottleneck.assert_m_ack_o, S_0x1d96490;
    %join;
    %pushi/vec4 2290640486, 0, 33;
    %concati/vec4 572657946, 0, 31;
    %store/vec4 v0x1db3850_0, 0, 64;
    %fork TD_test_bottleneck.assert_s_adr_o, S_0x1db3670;
    %join;
    %pushi/vec4 1, 0, 1;
    %store/vec4 v0x1db3b80_0, 0, 1;
    %fork TD_test_bottleneck.assert_s_cyc_o, S_0x1db3950;
    %join;
    %pushi/vec4 1, 0, 1;
    %store/vec4 v0x1db4120_0, 0, 1;
    %fork TD_test_bottleneck.assert_s_signed_o, S_0x1db3f40;
    %join;
    %pushi/vec4 1, 0, 1;
    %store/vec4 v0x1db43e0_0, 0, 1;
    %fork TD_test_bottleneck.assert_s_siz_o, S_0x1db4200;
    %join;
    %pushi/vec4 1, 0, 1;
    %store/vec4 v0x1db4730_0, 0, 1;
    %fork TD_test_bottleneck.assert_s_stb_o, S_0x1db44c0;
    %join;
    %pushi/vec4 1, 0, 1;
    %store/vec4 v0x1db49a0_0, 0, 1;
    %fork TD_test_bottleneck.assert_s_we_o, S_0x1db4810;
    %join;
    %pushi/vec4 13107, 0, 16;
    %store/vec4 v0x1db3e40_0, 0, 16;
    %fork TD_test_bottleneck.assert_s_dat_o, S_0x1db3c60;
    %join;
T_14.32 ;
    %load/vec4 v0x1dc2720_0;
    %cmpi/ne 1, 0, 1;
    %jmp/0xz T_14.33, 6;
    %wait E_0x1dc1bc0;
    %jmp T_14.32;
T_14.33 ;
    %pushi/vec4 2052, 0, 16;
    %assign/vec4 v0x1dc3920_0, 0;
    %pushi/vec4 1, 0, 1;
    %assign/vec4 v0x1dc3190_0, 0;
    %pushi/vec4 2290640486, 0, 33;
    %concati/vec4 572657944, 0, 31;
    %assign/vec4 v0x1dc28e0_0, 0;
    %pushi/vec4 1, 0, 1;
    %assign/vec4 v0x1dc29e0_0, 0;
    %pushi/vec4 2290684177, 0, 35;
    %concati/vec4 322126916, 0, 29;
    %assign/vec4 v0x1dc2ad0_0, 0;
    %pushi/vec4 1, 0, 1;
    %assign/vec4 v0x1dc2d30_0, 0;
    %pushi/vec4 3, 0, 2;
    %assign/vec4 v0x1dc2e00_0, 0;
    %pushi/vec4 1, 0, 1;
    %assign/vec4 v0x1dc2f60_0, 0;
    %pushi/vec4 1, 0, 1;
    %assign/vec4 v0x1dc3000_0, 0;
T_14.34 ;
    %load/vec4 v0x1dc2720_0;
    %inv;
    %cmpi/ne 1, 0, 1;
    %jmp/0xz T_14.35, 6;
    %wait E_0x1dc1bc0;
    %jmp T_14.34;
T_14.35 ;
    %pushi/vec4 0, 0, 1;
    %store/vec4 v0x1db35b0_0, 0, 1;
    %fork TD_test_bottleneck.assert_m_err_align_o, S_0x1db33a0;
    %join;
    %pushi/vec4 1, 0, 1;
    %store/vec4 v0x1d51be0_0, 0, 1;
    %fork TD_test_bottleneck.assert_m_ack_o, S_0x1d96490;
    %join;
    %pushi/vec4 2290640486, 0, 33;
    %concati/vec4 572657944, 0, 31;
    %store/vec4 v0x1db3850_0, 0, 64;
    %fork TD_test_bottleneck.assert_s_adr_o, S_0x1db3670;
    %join;
    %pushi/vec4 1, 0, 1;
    %store/vec4 v0x1db3b80_0, 0, 1;
    %fork TD_test_bottleneck.assert_s_cyc_o, S_0x1db3950;
    %join;
    %pushi/vec4 1, 0, 1;
    %store/vec4 v0x1db4120_0, 0, 1;
    %fork TD_test_bottleneck.assert_s_signed_o, S_0x1db3f40;
    %join;
    %pushi/vec4 1, 0, 1;
    %store/vec4 v0x1db43e0_0, 0, 1;
    %fork TD_test_bottleneck.assert_s_siz_o, S_0x1db4200;
    %join;
    %pushi/vec4 1, 0, 1;
    %store/vec4 v0x1db4730_0, 0, 1;
    %fork TD_test_bottleneck.assert_s_stb_o, S_0x1db44c0;
    %join;
    %pushi/vec4 1, 0, 1;
    %store/vec4 v0x1db49a0_0, 0, 1;
    %fork TD_test_bottleneck.assert_s_we_o, S_0x1db4810;
    %join;
    %pushi/vec4 17476, 0, 16;
    %store/vec4 v0x1db3e40_0, 0, 16;
    %fork TD_test_bottleneck.assert_s_dat_o, S_0x1db3c60;
    %join;
T_14.36 ;
    %load/vec4 v0x1dc2720_0;
    %cmpi/ne 1, 0, 1;
    %jmp/0xz T_14.37, 6;
    %wait E_0x1dc1bc0;
    %jmp T_14.36;
T_14.37 ;
    %end;
S_0x1dc1c40 .scope task, "test_hword_rd" "test_hword_rd" 2 242, 2 242 0, S_0x1d6fe20;
 .timescale -9 -12;
TD_test_bottleneck.test_hword_rd ;
    %pushi/vec4 3, 0, 8;
    %store/vec4 v0x1dc13a0_0, 0, 8;
    %fork TD_test_bottleneck.scenario, S_0x1dc1210;
    %join;
    %pushi/vec4 0, 0, 1;
    %assign/vec4 v0x1dc3190_0, 0;
    %pushi/vec4 2290640486, 0, 33;
    %concati/vec4 572657937, 0, 31;
    %assign/vec4 v0x1dc28e0_0, 0;
    %pushi/vec4 1, 0, 1;
    %assign/vec4 v0x1dc29e0_0, 0;
    %pushi/vec4 0, 0, 64;
    %assign/vec4 v0x1dc2ad0_0, 0;
    %pushi/vec4 1, 0, 1;
    %assign/vec4 v0x1dc2d30_0, 0;
    %pushi/vec4 1, 0, 2;
    %assign/vec4 v0x1dc2e00_0, 0;
    %pushi/vec4 1, 0, 1;
    %assign/vec4 v0x1dc2f60_0, 0;
    %pushi/vec4 0, 0, 1;
    %assign/vec4 v0x1dc3000_0, 0;
    %pushi/vec4 1, 0, 8;
    %store/vec4 v0x1dc2660_0, 0, 8;
    %fork TD_test_bottleneck.tick, S_0x1dc2480;
    %join;
    %pushi/vec4 1, 0, 1;
    %store/vec4 v0x1db35b0_0, 0, 1;
    %fork TD_test_bottleneck.assert_m_err_align_o, S_0x1db33a0;
    %join;
    %pushi/vec4 0, 0, 1;
    %store/vec4 v0x1d51be0_0, 0, 1;
    %fork TD_test_bottleneck.assert_m_ack_o, S_0x1d96490;
    %join;
    %pushi/vec4 0, 0, 1;
    %store/vec4 v0x1db4730_0, 0, 1;
    %fork TD_test_bottleneck.assert_s_stb_o, S_0x1db44c0;
    %join;
    %pushi/vec4 0, 0, 1;
    %store/vec4 v0x1db3b80_0, 0, 1;
    %fork TD_test_bottleneck.assert_s_cyc_o, S_0x1db3950;
    %join;
    %pushi/vec4 1, 0, 1;
    %assign/vec4 v0x1dc3190_0, 0;
    %pushi/vec4 2, 0, 8;
    %store/vec4 v0x1dc2660_0, 0, 8;
    %fork TD_test_bottleneck.tick, S_0x1dc2480;
    %join;
    %pushi/vec4 1, 0, 1;
    %store/vec4 v0x1db35b0_0, 0, 1;
    %fork TD_test_bottleneck.assert_m_err_align_o, S_0x1db33a0;
    %join;
    %pushi/vec4 0, 0, 1;
    %store/vec4 v0x1d51be0_0, 0, 1;
    %fork TD_test_bottleneck.assert_m_ack_o, S_0x1d96490;
    %join;
    %pushi/vec4 0, 0, 1;
    %store/vec4 v0x1db4730_0, 0, 1;
    %fork TD_test_bottleneck.assert_s_stb_o, S_0x1db44c0;
    %join;
    %pushi/vec4 0, 0, 1;
    %store/vec4 v0x1db3b80_0, 0, 1;
    %fork TD_test_bottleneck.assert_s_cyc_o, S_0x1db3950;
    %join;
    %pushi/vec4 2290640486, 0, 33;
    %concati/vec4 572657938, 0, 31;
    %assign/vec4 v0x1dc28e0_0, 0;
    %pushi/vec4 1, 0, 1;
    %assign/vec4 v0x1dc29e0_0, 0;
    %pushi/vec4 0, 0, 64;
    %assign/vec4 v0x1dc2ad0_0, 0;
    %pushi/vec4 1, 0, 1;
    %assign/vec4 v0x1dc2d30_0, 0;
    %pushi/vec4 1, 0, 2;
    %assign/vec4 v0x1dc2e00_0, 0;
    %pushi/vec4 1, 0, 1;
    %assign/vec4 v0x1dc2f60_0, 0;
    %pushi/vec4 0, 0, 1;
    %assign/vec4 v0x1dc3000_0, 0;
    %pushi/vec4 3, 0, 8;
    %store/vec4 v0x1dc2660_0, 0, 8;
    %fork TD_test_bottleneck.tick, S_0x1dc2480;
    %join;
    %pushi/vec4 0, 0, 1;
    %store/vec4 v0x1db35b0_0, 0, 1;
    %fork TD_test_bottleneck.assert_m_err_align_o, S_0x1db33a0;
    %join;
    %pushi/vec4 2290640486, 0, 33;
    %concati/vec4 572657938, 0, 31;
    %store/vec4 v0x1db3850_0, 0, 64;
    %fork TD_test_bottleneck.assert_s_adr_o, S_0x1db3670;
    %join;
    %pushi/vec4 1, 0, 1;
    %store/vec4 v0x1db3b80_0, 0, 1;
    %fork TD_test_bottleneck.assert_s_cyc_o, S_0x1db3950;
    %join;
    %pushi/vec4 1, 0, 1;
    %store/vec4 v0x1db4120_0, 0, 1;
    %fork TD_test_bottleneck.assert_s_signed_o, S_0x1db3f40;
    %join;
    %pushi/vec4 1, 0, 1;
    %store/vec4 v0x1db43e0_0, 0, 1;
    %fork TD_test_bottleneck.assert_s_siz_o, S_0x1db4200;
    %join;
    %pushi/vec4 1, 0, 1;
    %store/vec4 v0x1db4730_0, 0, 1;
    %fork TD_test_bottleneck.assert_s_stb_o, S_0x1db44c0;
    %join;
    %pushi/vec4 0, 0, 1;
    %store/vec4 v0x1db49a0_0, 0, 1;
    %fork TD_test_bottleneck.assert_s_we_o, S_0x1db4810;
    %join;
    %pushi/vec4 0, 0, 1;
    %assign/vec4 v0x1dc3190_0, 0;
    %pushi/vec4 43605, 0, 16;
    %assign/vec4 v0x1dc33c0_0, 0;
    %pushi/vec4 4, 0, 8;
    %store/vec4 v0x1dc2660_0, 0, 8;
    %fork TD_test_bottleneck.tick, S_0x1dc2480;
    %join;
    %pushi/vec4 0, 0, 1;
    %store/vec4 v0x1d51be0_0, 0, 1;
    %fork TD_test_bottleneck.assert_m_ack_o, S_0x1d96490;
    %join;
    %pushi/vec4 1, 0, 1;
    %assign/vec4 v0x1dc3190_0, 0;
    %pushi/vec4 5, 0, 8;
    %store/vec4 v0x1dc2660_0, 0, 8;
    %fork TD_test_bottleneck.tick, S_0x1dc2480;
    %join;
    %pushi/vec4 1, 0, 1;
    %store/vec4 v0x1d51be0_0, 0, 1;
    %fork TD_test_bottleneck.assert_m_ack_o, S_0x1d96490;
    %join;
    %pushi/vec4 4294967295, 0, 32;
    %concati/vec4 4294945365, 0, 32;
    %store/vec4 v0x1db32c0_0, 0, 64;
    %fork TD_test_bottleneck.assert_m_dat_o, S_0x1db30c0;
    %join;
    %pushi/vec4 0, 0, 1;
    %assign/vec4 v0x1dc2d30_0, 0;
    %pushi/vec4 6, 0, 8;
    %store/vec4 v0x1dc2660_0, 0, 8;
    %fork TD_test_bottleneck.tick, S_0x1dc2480;
    %join;
    %pushi/vec4 43605, 0, 64;
    %store/vec4 v0x1db32c0_0, 0, 64;
    %fork TD_test_bottleneck.assert_m_dat_o, S_0x1db30c0;
    %join;
    %end;
S_0x1dc1f30 .scope task, "test_hword_wr" "test_hword_wr" 2 299, 2 299 0, S_0x1d6fe20;
 .timescale -9 -12;
TD_test_bottleneck.test_hword_wr ;
    %pushi/vec4 4, 0, 8;
    %store/vec4 v0x1dc13a0_0, 0, 8;
    %fork TD_test_bottleneck.scenario, S_0x1dc1210;
    %join;
    %pushi/vec4 1, 0, 1;
    %assign/vec4 v0x1dc3190_0, 0;
    %pushi/vec4 2290640486, 0, 33;
    %concati/vec4 572657937, 0, 31;
    %assign/vec4 v0x1dc28e0_0, 0;
    %pushi/vec4 1, 0, 1;
    %assign/vec4 v0x1dc29e0_0, 0;
    %pushi/vec4 2863315899, 0, 32;
    %concati/vec4 3435978205, 0, 32;
    %assign/vec4 v0x1dc2ad0_0, 0;
    %pushi/vec4 1, 0, 1;
    %assign/vec4 v0x1dc2d30_0, 0;
    %pushi/vec4 1, 0, 2;
    %assign/vec4 v0x1dc2e00_0, 0;
    %pushi/vec4 1, 0, 1;
    %assign/vec4 v0x1dc2f60_0, 0;
    %pushi/vec4 1, 0, 1;
    %assign/vec4 v0x1dc3000_0, 0;
    %pushi/vec4 1, 0, 8;
    %store/vec4 v0x1dc2660_0, 0, 8;
    %fork TD_test_bottleneck.tick, S_0x1dc2480;
    %join;
    %pushi/vec4 1, 0, 1;
    %store/vec4 v0x1db35b0_0, 0, 1;
    %fork TD_test_bottleneck.assert_m_err_align_o, S_0x1db33a0;
    %join;
    %pushi/vec4 0, 0, 1;
    %store/vec4 v0x1d51be0_0, 0, 1;
    %fork TD_test_bottleneck.assert_m_ack_o, S_0x1d96490;
    %join;
    %pushi/vec4 0, 0, 1;
    %store/vec4 v0x1db4730_0, 0, 1;
    %fork TD_test_bottleneck.assert_s_stb_o, S_0x1db44c0;
    %join;
    %pushi/vec4 0, 0, 1;
    %store/vec4 v0x1db3b80_0, 0, 1;
    %fork TD_test_bottleneck.assert_s_cyc_o, S_0x1db3950;
    %join;
    %pushi/vec4 0, 0, 1;
    %assign/vec4 v0x1dc3190_0, 0;
    %pushi/vec4 2, 0, 8;
    %store/vec4 v0x1dc2660_0, 0, 8;
    %fork TD_test_bottleneck.tick, S_0x1dc2480;
    %join;
    %pushi/vec4 1, 0, 1;
    %store/vec4 v0x1db35b0_0, 0, 1;
    %fork TD_test_bottleneck.assert_m_err_align_o, S_0x1db33a0;
    %join;
    %pushi/vec4 0, 0, 1;
    %store/vec4 v0x1d51be0_0, 0, 1;
    %fork TD_test_bottleneck.assert_m_ack_o, S_0x1d96490;
    %join;
    %pushi/vec4 0, 0, 1;
    %store/vec4 v0x1db4730_0, 0, 1;
    %fork TD_test_bottleneck.assert_s_stb_o, S_0x1db44c0;
    %join;
    %pushi/vec4 0, 0, 1;
    %store/vec4 v0x1db3b80_0, 0, 1;
    %fork TD_test_bottleneck.assert_s_cyc_o, S_0x1db3950;
    %join;
    %pushi/vec4 2290640486, 0, 33;
    %concati/vec4 572657938, 0, 31;
    %assign/vec4 v0x1dc28e0_0, 0;
    %pushi/vec4 1, 0, 1;
    %assign/vec4 v0x1dc29e0_0, 0;
    %pushi/vec4 2863315899, 0, 32;
    %concati/vec4 3435978205, 0, 32;
    %assign/vec4 v0x1dc2ad0_0, 0;
    %pushi/vec4 1, 0, 1;
    %assign/vec4 v0x1dc2d30_0, 0;
    %pushi/vec4 1, 0, 2;
    %assign/vec4 v0x1dc2e00_0, 0;
    %pushi/vec4 1, 0, 1;
    %assign/vec4 v0x1dc2f60_0, 0;
    %pushi/vec4 1, 0, 1;
    %assign/vec4 v0x1dc3000_0, 0;
    %pushi/vec4 3, 0, 8;
    %store/vec4 v0x1dc2660_0, 0, 8;
    %fork TD_test_bottleneck.tick, S_0x1dc2480;
    %join;
    %pushi/vec4 0, 0, 1;
    %store/vec4 v0x1db35b0_0, 0, 1;
    %fork TD_test_bottleneck.assert_m_err_align_o, S_0x1db33a0;
    %join;
    %pushi/vec4 0, 0, 1;
    %store/vec4 v0x1d51be0_0, 0, 1;
    %fork TD_test_bottleneck.assert_m_ack_o, S_0x1d96490;
    %join;
    %pushi/vec4 2290640486, 0, 33;
    %concati/vec4 572657938, 0, 31;
    %store/vec4 v0x1db3850_0, 0, 64;
    %fork TD_test_bottleneck.assert_s_adr_o, S_0x1db3670;
    %join;
    %pushi/vec4 1, 0, 1;
    %store/vec4 v0x1db3b80_0, 0, 1;
    %fork TD_test_bottleneck.assert_s_cyc_o, S_0x1db3950;
    %join;
    %pushi/vec4 1, 0, 1;
    %store/vec4 v0x1db4120_0, 0, 1;
    %fork TD_test_bottleneck.assert_s_signed_o, S_0x1db3f40;
    %join;
    %pushi/vec4 1, 0, 1;
    %store/vec4 v0x1db43e0_0, 0, 1;
    %fork TD_test_bottleneck.assert_s_siz_o, S_0x1db4200;
    %join;
    %pushi/vec4 1, 0, 1;
    %store/vec4 v0x1db4730_0, 0, 1;
    %fork TD_test_bottleneck.assert_s_stb_o, S_0x1db44c0;
    %join;
    %pushi/vec4 1, 0, 1;
    %store/vec4 v0x1db49a0_0, 0, 1;
    %fork TD_test_bottleneck.assert_s_we_o, S_0x1db4810;
    %join;
    %pushi/vec4 56797, 0, 16;
    %store/vec4 v0x1db3e40_0, 0, 16;
    %fork TD_test_bottleneck.assert_s_dat_o, S_0x1db3c60;
    %join;
    %pushi/vec4 1, 0, 1;
    %assign/vec4 v0x1dc3190_0, 0;
    %pushi/vec4 4, 0, 8;
    %store/vec4 v0x1dc2660_0, 0, 8;
    %fork TD_test_bottleneck.tick, S_0x1dc2480;
    %join;
    %pushi/vec4 0, 0, 1;
    %store/vec4 v0x1db35b0_0, 0, 1;
    %fork TD_test_bottleneck.assert_m_err_align_o, S_0x1db33a0;
    %join;
    %pushi/vec4 1, 0, 1;
    %store/vec4 v0x1d51be0_0, 0, 1;
    %fork TD_test_bottleneck.assert_m_ack_o, S_0x1d96490;
    %join;
    %end;
S_0x1dc20c0 .scope task, "test_word_rd" "test_word_rd" 2 349, 2 349 0, S_0x1d6fe20;
 .timescale -9 -12;
TD_test_bottleneck.test_word_rd ;
    %pushi/vec4 5, 0, 8;
    %store/vec4 v0x1dc13a0_0, 0, 8;
    %fork TD_test_bottleneck.scenario, S_0x1dc1210;
    %join;
    %pushi/vec4 0, 0, 1;
    %assign/vec4 v0x1dc3190_0, 0;
    %pushi/vec4 2290640486, 0, 33;
    %concati/vec4 572657937, 0, 31;
    %assign/vec4 v0x1dc28e0_0, 0;
    %pushi/vec4 1, 0, 1;
    %assign/vec4 v0x1dc29e0_0, 0;
    %pushi/vec4 0, 0, 64;
    %assign/vec4 v0x1dc2ad0_0, 0;
    %pushi/vec4 1, 0, 1;
    %assign/vec4 v0x1dc2d30_0, 0;
    %pushi/vec4 2, 0, 2;
    %assign/vec4 v0x1dc2e00_0, 0;
    %pushi/vec4 1, 0, 1;
    %assign/vec4 v0x1dc2f60_0, 0;
    %pushi/vec4 0, 0, 1;
    %assign/vec4 v0x1dc3000_0, 0;
    %pushi/vec4 1, 0, 8;
    %store/vec4 v0x1dc2660_0, 0, 8;
    %fork TD_test_bottleneck.tick, S_0x1dc2480;
    %join;
    %pushi/vec4 1, 0, 1;
    %store/vec4 v0x1db35b0_0, 0, 1;
    %fork TD_test_bottleneck.assert_m_err_align_o, S_0x1db33a0;
    %join;
    %pushi/vec4 0, 0, 1;
    %store/vec4 v0x1d51be0_0, 0, 1;
    %fork TD_test_bottleneck.assert_m_ack_o, S_0x1d96490;
    %join;
    %pushi/vec4 0, 0, 1;
    %store/vec4 v0x1db4730_0, 0, 1;
    %fork TD_test_bottleneck.assert_s_stb_o, S_0x1db44c0;
    %join;
    %pushi/vec4 0, 0, 1;
    %store/vec4 v0x1db3b80_0, 0, 1;
    %fork TD_test_bottleneck.assert_s_cyc_o, S_0x1db3950;
    %join;
    %pushi/vec4 0, 0, 1;
    %assign/vec4 v0x1dc3190_0, 0;
    %pushi/vec4 2290640486, 0, 33;
    %concati/vec4 572657938, 0, 31;
    %assign/vec4 v0x1dc28e0_0, 0;
    %pushi/vec4 1, 0, 1;
    %assign/vec4 v0x1dc29e0_0, 0;
    %pushi/vec4 0, 0, 64;
    %assign/vec4 v0x1dc2ad0_0, 0;
    %pushi/vec4 1, 0, 1;
    %assign/vec4 v0x1dc2d30_0, 0;
    %pushi/vec4 2, 0, 2;
    %assign/vec4 v0x1dc2e00_0, 0;
    %pushi/vec4 1, 0, 1;
    %assign/vec4 v0x1dc2f60_0, 0;
    %pushi/vec4 0, 0, 1;
    %assign/vec4 v0x1dc3000_0, 0;
    %pushi/vec4 2, 0, 8;
    %store/vec4 v0x1dc2660_0, 0, 8;
    %fork TD_test_bottleneck.tick, S_0x1dc2480;
    %join;
    %pushi/vec4 1, 0, 1;
    %store/vec4 v0x1db35b0_0, 0, 1;
    %fork TD_test_bottleneck.assert_m_err_align_o, S_0x1db33a0;
    %join;
    %pushi/vec4 0, 0, 1;
    %store/vec4 v0x1d51be0_0, 0, 1;
    %fork TD_test_bottleneck.assert_m_ack_o, S_0x1d96490;
    %join;
    %pushi/vec4 0, 0, 1;
    %store/vec4 v0x1db4730_0, 0, 1;
    %fork TD_test_bottleneck.assert_s_stb_o, S_0x1db44c0;
    %join;
    %pushi/vec4 0, 0, 1;
    %store/vec4 v0x1db3b80_0, 0, 1;
    %fork TD_test_bottleneck.assert_s_cyc_o, S_0x1db3950;
    %join;
    %pushi/vec4 0, 0, 1;
    %assign/vec4 v0x1dc3190_0, 0;
    %pushi/vec4 2290640486, 0, 33;
    %concati/vec4 572657939, 0, 31;
    %assign/vec4 v0x1dc28e0_0, 0;
    %pushi/vec4 1, 0, 1;
    %assign/vec4 v0x1dc29e0_0, 0;
    %pushi/vec4 0, 0, 64;
    %assign/vec4 v0x1dc2ad0_0, 0;
    %pushi/vec4 1, 0, 1;
    %assign/vec4 v0x1dc2d30_0, 0;
    %pushi/vec4 2, 0, 2;
    %assign/vec4 v0x1dc2e00_0, 0;
    %pushi/vec4 1, 0, 1;
    %assign/vec4 v0x1dc2f60_0, 0;
    %pushi/vec4 0, 0, 1;
    %assign/vec4 v0x1dc3000_0, 0;
    %pushi/vec4 3, 0, 8;
    %store/vec4 v0x1dc2660_0, 0, 8;
    %fork TD_test_bottleneck.tick, S_0x1dc2480;
    %join;
    %pushi/vec4 1, 0, 1;
    %store/vec4 v0x1db35b0_0, 0, 1;
    %fork TD_test_bottleneck.assert_m_err_align_o, S_0x1db33a0;
    %join;
    %pushi/vec4 0, 0, 1;
    %store/vec4 v0x1d51be0_0, 0, 1;
    %fork TD_test_bottleneck.assert_m_ack_o, S_0x1d96490;
    %join;
    %pushi/vec4 0, 0, 1;
    %store/vec4 v0x1db4730_0, 0, 1;
    %fork TD_test_bottleneck.assert_s_stb_o, S_0x1db44c0;
    %join;
    %pushi/vec4 0, 0, 1;
    %store/vec4 v0x1db3b80_0, 0, 1;
    %fork TD_test_bottleneck.assert_s_cyc_o, S_0x1db3950;
    %join;
    %pushi/vec4 0, 0, 1;
    %assign/vec4 v0x1dc3190_0, 0;
    %pushi/vec4 2290640486, 0, 33;
    %concati/vec4 572657940, 0, 31;
    %assign/vec4 v0x1dc28e0_0, 0;
    %pushi/vec4 1, 0, 1;
    %assign/vec4 v0x1dc29e0_0, 0;
    %pushi/vec4 0, 0, 64;
    %assign/vec4 v0x1dc2ad0_0, 0;
    %pushi/vec4 1, 0, 1;
    %assign/vec4 v0x1dc2d30_0, 0;
    %pushi/vec4 2, 0, 2;
    %assign/vec4 v0x1dc2e00_0, 0;
    %pushi/vec4 1, 0, 1;
    %assign/vec4 v0x1dc2f60_0, 0;
    %pushi/vec4 0, 0, 1;
    %assign/vec4 v0x1dc3000_0, 0;
    %pushi/vec4 4, 0, 8;
    %store/vec4 v0x1dc2660_0, 0, 8;
    %fork TD_test_bottleneck.tick, S_0x1dc2480;
    %join;
    %pushi/vec4 0, 0, 1;
    %store/vec4 v0x1db35b0_0, 0, 1;
    %fork TD_test_bottleneck.assert_m_err_align_o, S_0x1db33a0;
    %join;
    %pushi/vec4 0, 0, 1;
    %store/vec4 v0x1d51be0_0, 0, 1;
    %fork TD_test_bottleneck.assert_m_ack_o, S_0x1d96490;
    %join;
    %pushi/vec4 2290640486, 0, 33;
    %concati/vec4 572657942, 0, 31;
    %store/vec4 v0x1db3850_0, 0, 64;
    %fork TD_test_bottleneck.assert_s_adr_o, S_0x1db3670;
    %join;
    %pushi/vec4 1, 0, 1;
    %store/vec4 v0x1db3b80_0, 0, 1;
    %fork TD_test_bottleneck.assert_s_cyc_o, S_0x1db3950;
    %join;
    %pushi/vec4 1, 0, 1;
    %store/vec4 v0x1db4120_0, 0, 1;
    %fork TD_test_bottleneck.assert_s_signed_o, S_0x1db3f40;
    %join;
    %pushi/vec4 1, 0, 1;
    %store/vec4 v0x1db43e0_0, 0, 1;
    %fork TD_test_bottleneck.assert_s_siz_o, S_0x1db4200;
    %join;
    %pushi/vec4 1, 0, 1;
    %store/vec4 v0x1db4730_0, 0, 1;
    %fork TD_test_bottleneck.assert_s_stb_o, S_0x1db44c0;
    %join;
    %pushi/vec4 0, 0, 1;
    %store/vec4 v0x1db49a0_0, 0, 1;
    %fork TD_test_bottleneck.assert_s_we_o, S_0x1db4810;
    %join;
    %pushi/vec4 1, 0, 1;
    %assign/vec4 v0x1dc3190_0, 0;
    %pushi/vec4 57005, 0, 16;
    %assign/vec4 v0x1dc33c0_0, 0;
    %pushi/vec4 5, 0, 8;
    %store/vec4 v0x1dc2660_0, 0, 8;
    %fork TD_test_bottleneck.tick, S_0x1dc2480;
    %join;
    %pushi/vec4 0, 0, 1;
    %store/vec4 v0x1db35b0_0, 0, 1;
    %fork TD_test_bottleneck.assert_m_err_align_o, S_0x1db33a0;
    %join;
    %pushi/vec4 1, 0, 1;
    %store/vec4 v0x1d51be0_0, 0, 1;
    %fork TD_test_bottleneck.assert_m_ack_o, S_0x1d96490;
    %join;
    %pushi/vec4 4294967295, 0, 32;
    %concati/vec4 3735936685, 0, 32;
    %store/vec4 v0x1db32c0_0, 0, 64;
    %fork TD_test_bottleneck.assert_m_dat_o, S_0x1db30c0;
    %join;
    %pushi/vec4 2290640486, 0, 33;
    %concati/vec4 572657940, 0, 31;
    %store/vec4 v0x1db3850_0, 0, 64;
    %fork TD_test_bottleneck.assert_s_adr_o, S_0x1db3670;
    %join;
    %pushi/vec4 1, 0, 1;
    %store/vec4 v0x1db3b80_0, 0, 1;
    %fork TD_test_bottleneck.assert_s_cyc_o, S_0x1db3950;
    %join;
    %pushi/vec4 1, 0, 1;
    %store/vec4 v0x1db4120_0, 0, 1;
    %fork TD_test_bottleneck.assert_s_signed_o, S_0x1db3f40;
    %join;
    %pushi/vec4 1, 0, 1;
    %store/vec4 v0x1db43e0_0, 0, 1;
    %fork TD_test_bottleneck.assert_s_siz_o, S_0x1db4200;
    %join;
    %pushi/vec4 1, 0, 1;
    %store/vec4 v0x1db4730_0, 0, 1;
    %fork TD_test_bottleneck.assert_s_stb_o, S_0x1db44c0;
    %join;
    %pushi/vec4 0, 0, 1;
    %store/vec4 v0x1db49a0_0, 0, 1;
    %fork TD_test_bottleneck.assert_s_we_o, S_0x1db4810;
    %join;
    %pushi/vec4 0, 0, 1;
    %assign/vec4 v0x1dc3190_0, 0;
    %pushi/vec4 48879, 0, 16;
    %assign/vec4 v0x1dc33c0_0, 0;
    %pushi/vec4 6, 0, 8;
    %store/vec4 v0x1dc2660_0, 0, 8;
    %fork TD_test_bottleneck.tick, S_0x1dc2480;
    %join;
    %pushi/vec4 0, 0, 1;
    %store/vec4 v0x1db35b0_0, 0, 1;
    %fork TD_test_bottleneck.assert_m_err_align_o, S_0x1db33a0;
    %join;
    %pushi/vec4 0, 0, 1;
    %store/vec4 v0x1d51be0_0, 0, 1;
    %fork TD_test_bottleneck.assert_m_ack_o, S_0x1d96490;
    %join;
    %pushi/vec4 4294967295, 0, 32;
    %concati/vec4 3735928559, 0, 32;
    %store/vec4 v0x1db32c0_0, 0, 64;
    %fork TD_test_bottleneck.assert_m_dat_o, S_0x1db30c0;
    %join;
    %pushi/vec4 1, 0, 1;
    %assign/vec4 v0x1dc3190_0, 0;
    %delay 5000, 0;
    %pushi/vec4 1, 0, 1;
    %store/vec4 v0x1d51be0_0, 0, 1;
    %fork TD_test_bottleneck.assert_m_ack_o, S_0x1d96490;
    %join;
    %pushi/vec4 7, 0, 8;
    %store/vec4 v0x1dc2660_0, 0, 8;
    %fork TD_test_bottleneck.tick, S_0x1dc2480;
    %join;
    %delay 60000, 0;
    %pushi/vec4 0, 0, 1;
    %store/vec4 v0x1d51be0_0, 0, 1;
    %fork TD_test_bottleneck.assert_m_ack_o, S_0x1d96490;
    %join;
    %pushi/vec4 1, 0, 2;
    %assign/vec4 v0x1dc2e00_0, 0;
    %delay 5000, 0;
    %pushi/vec4 1, 0, 1;
    %store/vec4 v0x1d51be0_0, 0, 1;
    %fork TD_test_bottleneck.assert_m_ack_o, S_0x1d96490;
    %join;
    %end;
S_0x1dc22a0 .scope task, "test_word_wr" "test_word_wr" 2 452, 2 452 0, S_0x1d6fe20;
 .timescale -9 -12;
TD_test_bottleneck.test_word_wr ;
    %pushi/vec4 6, 0, 8;
    %store/vec4 v0x1dc13a0_0, 0, 8;
    %fork TD_test_bottleneck.scenario, S_0x1dc1210;
    %join;
    %pushi/vec4 0, 0, 1;
    %assign/vec4 v0x1dc3190_0, 0;
    %pushi/vec4 2290640486, 0, 33;
    %concati/vec4 572657940, 0, 31;
    %assign/vec4 v0x1dc28e0_0, 0;
    %pushi/vec4 1, 0, 1;
    %assign/vec4 v0x1dc29e0_0, 0;
    %pushi/vec4 2290684177, 0, 35;
    %concati/vec4 322126916, 0, 29;
    %assign/vec4 v0x1dc2ad0_0, 0;
    %pushi/vec4 1, 0, 1;
    %assign/vec4 v0x1dc2d30_0, 0;
    %pushi/vec4 2, 0, 2;
    %assign/vec4 v0x1dc2e00_0, 0;
    %pushi/vec4 1, 0, 1;
    %assign/vec4 v0x1dc2f60_0, 0;
    %pushi/vec4 1, 0, 1;
    %assign/vec4 v0x1dc3000_0, 0;
    %pushi/vec4 1, 0, 8;
    %store/vec4 v0x1dc2660_0, 0, 8;
    %fork TD_test_bottleneck.tick, S_0x1dc2480;
    %join;
    %pushi/vec4 0, 0, 1;
    %store/vec4 v0x1db35b0_0, 0, 1;
    %fork TD_test_bottleneck.assert_m_err_align_o, S_0x1db33a0;
    %join;
    %pushi/vec4 0, 0, 1;
    %store/vec4 v0x1d51be0_0, 0, 1;
    %fork TD_test_bottleneck.assert_m_ack_o, S_0x1d96490;
    %join;
    %pushi/vec4 2290640486, 0, 33;
    %concati/vec4 572657942, 0, 31;
    %store/vec4 v0x1db3850_0, 0, 64;
    %fork TD_test_bottleneck.assert_s_adr_o, S_0x1db3670;
    %join;
    %pushi/vec4 1, 0, 1;
    %store/vec4 v0x1db3b80_0, 0, 1;
    %fork TD_test_bottleneck.assert_s_cyc_o, S_0x1db3950;
    %join;
    %pushi/vec4 1, 0, 1;
    %store/vec4 v0x1db4120_0, 0, 1;
    %fork TD_test_bottleneck.assert_s_signed_o, S_0x1db3f40;
    %join;
    %pushi/vec4 1, 0, 1;
    %store/vec4 v0x1db43e0_0, 0, 1;
    %fork TD_test_bottleneck.assert_s_siz_o, S_0x1db4200;
    %join;
    %pushi/vec4 1, 0, 1;
    %store/vec4 v0x1db4730_0, 0, 1;
    %fork TD_test_bottleneck.assert_s_stb_o, S_0x1db44c0;
    %join;
    %pushi/vec4 1, 0, 1;
    %store/vec4 v0x1db49a0_0, 0, 1;
    %fork TD_test_bottleneck.assert_s_we_o, S_0x1db4810;
    %join;
    %pushi/vec4 13107, 0, 16;
    %store/vec4 v0x1db3e40_0, 0, 16;
    %fork TD_test_bottleneck.assert_s_dat_o, S_0x1db3c60;
    %join;
    %pushi/vec4 1, 0, 1;
    %assign/vec4 v0x1dc3190_0, 0;
    %pushi/vec4 5, 0, 8;
    %store/vec4 v0x1dc2660_0, 0, 8;
    %fork TD_test_bottleneck.tick, S_0x1dc2480;
    %join;
    %pushi/vec4 0, 0, 1;
    %store/vec4 v0x1db35b0_0, 0, 1;
    %fork TD_test_bottleneck.assert_m_err_align_o, S_0x1db33a0;
    %join;
    %pushi/vec4 1, 0, 1;
    %store/vec4 v0x1d51be0_0, 0, 1;
    %fork TD_test_bottleneck.assert_m_ack_o, S_0x1d96490;
    %join;
    %pushi/vec4 2290640486, 0, 33;
    %concati/vec4 572657940, 0, 31;
    %store/vec4 v0x1db3850_0, 0, 64;
    %fork TD_test_bottleneck.assert_s_adr_o, S_0x1db3670;
    %join;
    %pushi/vec4 1, 0, 1;
    %store/vec4 v0x1db3b80_0, 0, 1;
    %fork TD_test_bottleneck.assert_s_cyc_o, S_0x1db3950;
    %join;
    %pushi/vec4 1, 0, 1;
    %store/vec4 v0x1db4120_0, 0, 1;
    %fork TD_test_bottleneck.assert_s_signed_o, S_0x1db3f40;
    %join;
    %pushi/vec4 1, 0, 1;
    %store/vec4 v0x1db43e0_0, 0, 1;
    %fork TD_test_bottleneck.assert_s_siz_o, S_0x1db4200;
    %join;
    %pushi/vec4 1, 0, 1;
    %store/vec4 v0x1db4730_0, 0, 1;
    %fork TD_test_bottleneck.assert_s_stb_o, S_0x1db44c0;
    %join;
    %pushi/vec4 1, 0, 1;
    %store/vec4 v0x1db49a0_0, 0, 1;
    %fork TD_test_bottleneck.assert_s_we_o, S_0x1db4810;
    %join;
    %pushi/vec4 17476, 0, 16;
    %store/vec4 v0x1db3e40_0, 0, 16;
    %fork TD_test_bottleneck.assert_s_dat_o, S_0x1db3c60;
    %join;
    %pushi/vec4 0, 0, 1;
    %assign/vec4 v0x1dc3190_0, 0;
    %pushi/vec4 6, 0, 8;
    %store/vec4 v0x1dc2660_0, 0, 8;
    %fork TD_test_bottleneck.tick, S_0x1dc2480;
    %join;
    %pushi/vec4 0, 0, 1;
    %store/vec4 v0x1db35b0_0, 0, 1;
    %fork TD_test_bottleneck.assert_m_err_align_o, S_0x1db33a0;
    %join;
    %pushi/vec4 0, 0, 1;
    %store/vec4 v0x1d51be0_0, 0, 1;
    %fork TD_test_bottleneck.assert_m_ack_o, S_0x1d96490;
    %join;
    %pushi/vec4 1, 0, 1;
    %assign/vec4 v0x1dc3190_0, 0;
    %pushi/vec4 7, 0, 8;
    %store/vec4 v0x1dc2660_0, 0, 8;
    %fork TD_test_bottleneck.tick, S_0x1dc2480;
    %join;
    %pushi/vec4 0, 0, 1;
    %store/vec4 v0x1db35b0_0, 0, 1;
    %fork TD_test_bottleneck.assert_m_err_align_o, S_0x1db33a0;
    %join;
    %pushi/vec4 0, 0, 1;
    %store/vec4 v0x1d51be0_0, 0, 1;
    %fork TD_test_bottleneck.assert_m_ack_o, S_0x1d96490;
    %join;
    %end;
S_0x1dc2480 .scope task, "tick" "tick" 2 56, 2 56 0, S_0x1d6fe20;
 .timescale -9 -12;
v0x1dc2660_0 .var "substory", 7 0;
TD_test_bottleneck.tick ;
    %load/vec4 v0x1dc3920_0;
    %parti/s 8, 8, 5;
    %load/vec4 v0x1dc2660_0;
    %concat/vec4; draw_concat_vec4
    %assign/vec4 v0x1dc3920_0, 0;
T_19.38 ;
    %load/vec4 v0x1dc2720_0;
    %cmpi/ne 1, 0, 1;
    %jmp/0xz T_19.39, 6;
    %wait E_0x1dc1bc0;
    %jmp T_19.38;
T_19.39 ;
T_19.40 ;
    %load/vec4 v0x1dc2720_0;
    %inv;
    %cmpi/ne 1, 0, 1;
    %jmp/0xz T_19.41, 6;
    %wait E_0x1dc1bc0;
    %jmp T_19.40;
T_19.41 ;
    %delay 5000, 0;
    %end;
    .scope S_0x1db4f90;
T_20 ;
    %wait E_0x1db5630;
    %pushi/vec4 0, 0, 1;
    %store/vec4 v0x1db6bf0_0, 0, 1;
    %pushi/vec4 0, 0, 1;
    %store/vec4 v0x1db6b30_0, 0, 1;
    %pushi/vec4 0, 0, 1;
    %store/vec4 v0x1db6a70_0, 0, 1;
    %pushi/vec4 0, 0, 1;
    %store/vec4 v0x1db69b0_0, 0, 1;
    %pushi/vec4 0, 0, 1;
    %store/vec4 v0x1db68f0_0, 0, 1;
    %pushi/vec4 0, 0, 1;
    %store/vec4 v0x1db6830_0, 0, 1;
    %pushi/vec4 0, 0, 1;
    %store/vec4 v0x1db6770_0, 0, 1;
    %pushi/vec4 0, 0, 1;
    %store/vec4 v0x1db66d0_0, 0, 1;
    %pushi/vec4 0, 0, 1;
    %store/vec4 v0x1db6630_0, 0, 1;
    %pushi/vec4 0, 0, 1;
    %store/vec4 v0x1db6590_0, 0, 1;
    %pushi/vec4 0, 0, 1;
    %store/vec4 v0x1db73c0_0, 0, 1;
    %pushi/vec4 0, 0, 1;
    %store/vec4 v0x1db7320_0, 0, 1;
    %pushi/vec4 0, 0, 1;
    %store/vec4 v0x1db64a0_0, 0, 1;
    %pushi/vec4 0, 0, 1;
    %store/vec4 v0x1db63e0_0, 0, 1;
    %pushi/vec4 1, 0, 1;
    %store/vec4 v0x1db5f60_0, 0, 1;
    %pushi/vec4 0, 0, 1;
    %store/vec4 v0x1db5ea0_0, 0, 1;
    %pushi/vec4 0, 0, 1;
    %store/vec4 v0x1db5a00_0, 0, 1;
    %pushi/vec4 0, 0, 1;
    %store/vec4 v0x1db5940_0, 0, 1;
    %pushi/vec4 0, 0, 1;
    %store/vec4 v0x1db58a0_0, 0, 1;
    %pushi/vec4 0, 0, 1;
    %store/vec4 v0x1db57e0_0, 0, 1;
    %pushi/vec4 0, 0, 1;
    %store/vec4 v0x1db5700_0, 0, 1;
    %pushi/vec4 0, 0, 1;
    %store/vec4 v0x1db7070_0, 0, 1;
    %pushi/vec4 0, 0, 1;
    %store/vec4 v0x1db6ef0_0, 0, 1;
    %pushi/vec4 0, 0, 1;
    %store/vec4 v0x1db6d70_0, 0, 1;
    %load/vec4 v0x1db6260_0;
    %inv;
    %load/vec4 v0x1db5d50_0;
    %and;
    %load/vec4 v0x1db61a0_0;
    %and;
    %load/vec4 v0x1db60e0_0;
    %inv;
    %and;
    %load/vec4 v0x1db6020_0;
    %inv;
    %and;
    %flag_set/vec4 8;
    %jmp/0xz  T_20.0, 8;
    %pushi/vec4 1, 0, 1;
    %store/vec4 v0x1db63e0_0, 0, 1;
    %pushi/vec4 1, 0, 1;
    %store/vec4 v0x1db6590_0, 0, 1;
    %pushi/vec4 1, 0, 1;
    %store/vec4 v0x1db6830_0, 0, 1;
    %pushi/vec4 1, 0, 1;
    %store/vec4 v0x1db69b0_0, 0, 1;
    %pushi/vec4 1, 0, 1;
    %store/vec4 v0x1db6b30_0, 0, 1;
    %pushi/vec4 1, 0, 1;
    %store/vec4 v0x1db6bf0_0, 0, 1;
    %pushi/vec4 1, 0, 1;
    %store/vec4 v0x1db5a00_0, 0, 1;
    %pushi/vec4 1, 0, 1;
    %store/vec4 v0x1db5ea0_0, 0, 1;
    %pushi/vec4 0, 0, 1;
    %store/vec4 v0x1db5f60_0, 0, 1;
T_20.0 ;
    %load/vec4 v0x1db6260_0;
    %inv;
    %load/vec4 v0x1db5d50_0;
    %and;
    %load/vec4 v0x1db61a0_0;
    %and;
    %load/vec4 v0x1db60e0_0;
    %inv;
    %and;
    %load/vec4 v0x1db6020_0;
    %and;
    %load/vec4 v0x1db5b10_0;
    %inv;
    %and;
    %flag_set/vec4 8;
    %jmp/0xz  T_20.2, 8;
    %pushi/vec4 1, 0, 1;
    %store/vec4 v0x1db63e0_0, 0, 1;
    %pushi/vec4 1, 0, 1;
    %store/vec4 v0x1db6590_0, 0, 1;
    %pushi/vec4 1, 0, 1;
    %store/vec4 v0x1db6830_0, 0, 1;
    %pushi/vec4 1, 0, 1;
    %store/vec4 v0x1db69b0_0, 0, 1;
    %pushi/vec4 1, 0, 1;
    %store/vec4 v0x1db6b30_0, 0, 1;
    %pushi/vec4 1, 0, 1;
    %store/vec4 v0x1db6bf0_0, 0, 1;
    %pushi/vec4 1, 0, 1;
    %store/vec4 v0x1db5a00_0, 0, 1;
    %pushi/vec4 1, 0, 1;
    %store/vec4 v0x1db5ea0_0, 0, 1;
    %pushi/vec4 0, 0, 1;
    %store/vec4 v0x1db5f60_0, 0, 1;
T_20.2 ;
    %load/vec4 v0x1db6260_0;
    %inv;
    %load/vec4 v0x1db5d50_0;
    %and;
    %load/vec4 v0x1db61a0_0;
    %and;
    %load/vec4 v0x1db60e0_0;
    %and;
    %load/vec4 v0x1db6020_0;
    %inv;
    %and;
    %load/vec4 v0x1db5bd0_0;
    %inv;
    %and;
    %load/vec4 v0x1db5b10_0;
    %inv;
    %and;
    %flag_set/vec4 8;
    %jmp/0xz  T_20.4, 8;
    %pushi/vec4 1, 0, 1;
    %store/vec4 v0x1db63e0_0, 0, 1;
    %pushi/vec4 1, 0, 1;
    %store/vec4 v0x1db6830_0, 0, 1;
    %pushi/vec4 1, 0, 1;
    %store/vec4 v0x1db68f0_0, 0, 1;
    %pushi/vec4 1, 0, 1;
    %store/vec4 v0x1db6a70_0, 0, 1;
    %pushi/vec4 1, 0, 1;
    %store/vec4 v0x1db6bf0_0, 0, 1;
    %pushi/vec4 0, 0, 1;
    %store/vec4 v0x1db5f60_0, 0, 1;
    %load/vec4 v0x1db6cb0_0;
    %inv;
    %flag_set/vec4 8;
    %jmp/0xz  T_20.6, 8;
    %pushi/vec4 1, 0, 1;
    %store/vec4 v0x1db64a0_0, 0, 1;
    %pushi/vec4 1, 0, 1;
    %store/vec4 v0x1db6630_0, 0, 1;
    %pushi/vec4 1, 0, 1;
    %store/vec4 v0x1db5700_0, 0, 1;
    %load/vec4 v0x1db6320_0;
    %flag_set/vec4 8;
    %jmp/0xz  T_20.8, 8;
    %pushi/vec4 1, 0, 1;
    %store/vec4 v0x1db6d70_0, 0, 1;
T_20.8 ;
    %jmp T_20.7;
T_20.6 ;
    %pushi/vec4 1, 0, 1;
    %store/vec4 v0x1db6590_0, 0, 1;
    %pushi/vec4 1, 0, 1;
    %store/vec4 v0x1db5ea0_0, 0, 1;
    %load/vec4 v0x1db6320_0;
    %flag_set/vec4 8;
    %jmp/0xz  T_20.10, 8;
    %pushi/vec4 1, 0, 1;
    %store/vec4 v0x1db5940_0, 0, 1;
    %jmp T_20.11;
T_20.10 ;
    %pushi/vec4 1, 0, 1;
    %store/vec4 v0x1db6d70_0, 0, 1;
T_20.11 ;
T_20.7 ;
T_20.4 ;
    %load/vec4 v0x1db6260_0;
    %inv;
    %load/vec4 v0x1db5d50_0;
    %and;
    %load/vec4 v0x1db61a0_0;
    %and;
    %load/vec4 v0x1db60e0_0;
    %and;
    %load/vec4 v0x1db6020_0;
    %and;
    %load/vec4 v0x1db5c90_0;
    %inv;
    %and;
    %load/vec4 v0x1db5bd0_0;
    %inv;
    %and;
    %load/vec4 v0x1db5b10_0;
    %inv;
    %and;
    %load/vec4 v0x1db6cb0_0;
    %inv;
    %and;
    %load/vec4 v0x1db6e30_0;
    %inv;
    %and;
    %load/vec4 v0x1db6fb0_0;
    %inv;
    %and;
    %flag_set/vec4 8;
    %jmp/0xz  T_20.12, 8;
    %pushi/vec4 1, 0, 1;
    %store/vec4 v0x1db63e0_0, 0, 1;
    %pushi/vec4 1, 0, 1;
    %store/vec4 v0x1db73c0_0, 0, 1;
    %pushi/vec4 1, 0, 1;
    %store/vec4 v0x1db6770_0, 0, 1;
    %pushi/vec4 1, 0, 1;
    %store/vec4 v0x1db6830_0, 0, 1;
    %pushi/vec4 1, 0, 1;
    %store/vec4 v0x1db68f0_0, 0, 1;
    %pushi/vec4 1, 0, 1;
    %store/vec4 v0x1db6a70_0, 0, 1;
    %pushi/vec4 1, 0, 1;
    %store/vec4 v0x1db6bf0_0, 0, 1;
    %pushi/vec4 1, 0, 1;
    %store/vec4 v0x1db58a0_0, 0, 1;
    %pushi/vec4 0, 0, 1;
    %store/vec4 v0x1db5f60_0, 0, 1;
    %load/vec4 v0x1db6320_0;
    %flag_set/vec4 8;
    %jmp/0xz  T_20.14, 8;
    %pushi/vec4 1, 0, 1;
    %store/vec4 v0x1db7070_0, 0, 1;
T_20.14 ;
T_20.12 ;
    %load/vec4 v0x1db6260_0;
    %inv;
    %load/vec4 v0x1db5d50_0;
    %and;
    %load/vec4 v0x1db61a0_0;
    %and;
    %load/vec4 v0x1db60e0_0;
    %and;
    %load/vec4 v0x1db6020_0;
    %and;
    %load/vec4 v0x1db5c90_0;
    %inv;
    %and;
    %load/vec4 v0x1db5bd0_0;
    %inv;
    %and;
    %load/vec4 v0x1db5b10_0;
    %inv;
    %and;
    %load/vec4 v0x1db6cb0_0;
    %inv;
    %and;
    %load/vec4 v0x1db6e30_0;
    %inv;
    %and;
    %load/vec4 v0x1db6fb0_0;
    %and;
    %flag_set/vec4 8;
    %jmp/0xz  T_20.16, 8;
    %pushi/vec4 1, 0, 1;
    %store/vec4 v0x1db63e0_0, 0, 1;
    %pushi/vec4 1, 0, 1;
    %store/vec4 v0x1db7320_0, 0, 1;
    %pushi/vec4 1, 0, 1;
    %store/vec4 v0x1db66d0_0, 0, 1;
    %pushi/vec4 1, 0, 1;
    %store/vec4 v0x1db6830_0, 0, 1;
    %pushi/vec4 1, 0, 1;
    %store/vec4 v0x1db68f0_0, 0, 1;
    %pushi/vec4 1, 0, 1;
    %store/vec4 v0x1db6a70_0, 0, 1;
    %pushi/vec4 1, 0, 1;
    %store/vec4 v0x1db6bf0_0, 0, 1;
    %pushi/vec4 1, 0, 1;
    %store/vec4 v0x1db57e0_0, 0, 1;
    %pushi/vec4 0, 0, 1;
    %store/vec4 v0x1db5f60_0, 0, 1;
    %pushi/vec4 1, 0, 1;
    %store/vec4 v0x1db7070_0, 0, 1;
    %load/vec4 v0x1db6320_0;
    %flag_set/vec4 8;
    %jmp/0xz  T_20.18, 8;
    %pushi/vec4 1, 0, 1;
    %store/vec4 v0x1db6ef0_0, 0, 1;
T_20.18 ;
T_20.16 ;
    %load/vec4 v0x1db6260_0;
    %inv;
    %load/vec4 v0x1db5d50_0;
    %and;
    %load/vec4 v0x1db61a0_0;
    %and;
    %load/vec4 v0x1db60e0_0;
    %and;
    %load/vec4 v0x1db6020_0;
    %and;
    %load/vec4 v0x1db5c90_0;
    %inv;
    %and;
    %load/vec4 v0x1db5bd0_0;
    %inv;
    %and;
    %load/vec4 v0x1db5b10_0;
    %inv;
    %and;
    %load/vec4 v0x1db6cb0_0;
    %inv;
    %and;
    %load/vec4 v0x1db6e30_0;
    %and;
    %load/vec4 v0x1db6fb0_0;
    %and;
    %flag_set/vec4 8;
    %jmp/0xz  T_20.20, 8;
    %pushi/vec4 1, 0, 1;
    %store/vec4 v0x1db63e0_0, 0, 1;
    %pushi/vec4 1, 0, 1;
    %store/vec4 v0x1db64a0_0, 0, 1;
    %pushi/vec4 1, 0, 1;
    %store/vec4 v0x1db6630_0, 0, 1;
    %pushi/vec4 1, 0, 1;
    %store/vec4 v0x1db6830_0, 0, 1;
    %pushi/vec4 1, 0, 1;
    %store/vec4 v0x1db68f0_0, 0, 1;
    %pushi/vec4 1, 0, 1;
    %store/vec4 v0x1db6a70_0, 0, 1;
    %pushi/vec4 1, 0, 1;
    %store/vec4 v0x1db6bf0_0, 0, 1;
    %pushi/vec4 1, 0, 1;
    %store/vec4 v0x1db5700_0, 0, 1;
    %pushi/vec4 0, 0, 1;
    %store/vec4 v0x1db5f60_0, 0, 1;
    %pushi/vec4 1, 0, 1;
    %store/vec4 v0x1db6ef0_0, 0, 1;
    %pushi/vec4 1, 0, 1;
    %store/vec4 v0x1db7070_0, 0, 1;
    %load/vec4 v0x1db6320_0;
    %flag_set/vec4 8;
    %jmp/0xz  T_20.22, 8;
    %pushi/vec4 1, 0, 1;
    %store/vec4 v0x1db6d70_0, 0, 1;
T_20.22 ;
T_20.20 ;
    %load/vec4 v0x1db6260_0;
    %inv;
    %load/vec4 v0x1db5d50_0;
    %and;
    %load/vec4 v0x1db61a0_0;
    %and;
    %load/vec4 v0x1db60e0_0;
    %and;
    %load/vec4 v0x1db6020_0;
    %and;
    %load/vec4 v0x1db5c90_0;
    %inv;
    %and;
    %load/vec4 v0x1db5bd0_0;
    %inv;
    %and;
    %load/vec4 v0x1db5b10_0;
    %inv;
    %and;
    %load/vec4 v0x1db6cb0_0;
    %and;
    %load/vec4 v0x1db6e30_0;
    %and;
    %load/vec4 v0x1db6fb0_0;
    %and;
    %flag_set/vec4 8;
    %jmp/0xz  T_20.24, 8;
    %pushi/vec4 1, 0, 1;
    %store/vec4 v0x1db63e0_0, 0, 1;
    %pushi/vec4 1, 0, 1;
    %store/vec4 v0x1db6590_0, 0, 1;
    %pushi/vec4 1, 0, 1;
    %store/vec4 v0x1db6830_0, 0, 1;
    %pushi/vec4 1, 0, 1;
    %store/vec4 v0x1db68f0_0, 0, 1;
    %pushi/vec4 1, 0, 1;
    %store/vec4 v0x1db6a70_0, 0, 1;
    %pushi/vec4 1, 0, 1;
    %store/vec4 v0x1db6bf0_0, 0, 1;
    %pushi/vec4 1, 0, 1;
    %store/vec4 v0x1db5ea0_0, 0, 1;
    %pushi/vec4 0, 0, 1;
    %store/vec4 v0x1db5f60_0, 0, 1;
    %load/vec4 v0x1db6320_0;
    %flag_set/vec4 8;
    %jmp/0xz  T_20.26, 8;
    %pushi/vec4 1, 0, 1;
    %store/vec4 v0x1db5940_0, 0, 1;
    %jmp T_20.27;
T_20.26 ;
    %pushi/vec4 1, 0, 1;
    %store/vec4 v0x1db6d70_0, 0, 1;
    %pushi/vec4 1, 0, 1;
    %store/vec4 v0x1db6ef0_0, 0, 1;
    %pushi/vec4 1, 0, 1;
    %store/vec4 v0x1db7070_0, 0, 1;
T_20.27 ;
T_20.24 ;
    %jmp T_20;
    .thread T_20, $push;
    .scope S_0x1db4a80;
T_21 ;
    %wait E_0x1db4f10;
    %load/vec4 v0x1dbe950_0;
    %assign/vec4 v0x1dbe880_0, 0;
    %load/vec4 v0x1dbb170_0;
    %assign/vec4 v0x1dbb0a0_0, 0;
    %load/vec4 v0x1dbb310_0;
    %assign/vec4 v0x1dbb240_0, 0;
    %load/vec4 v0x1db5190_0;
    %flag_set/vec4 8;
    %jmp/0xz  T_21.0, 8;
    %load/vec4 v0x1dc0a00_0;
    %assign/vec4 v0x1dbf200_0, 0;
T_21.0 ;
    %load/vec4 v0x1db7a30_0;
    %flag_set/vec4 8;
    %jmp/0xz  T_21.2, 8;
    %load/vec4 v0x1dc0a00_0;
    %assign/vec4 v0x1dbf2a0_0, 0;
T_21.2 ;
    %load/vec4 v0x1db7ad0_0;
    %flag_set/vec4 8;
    %jmp/0xz  T_21.4, 8;
    %load/vec4 v0x1dc0a00_0;
    %assign/vec4 v0x1dbf340_0, 0;
T_21.4 ;
    %jmp T_21;
    .thread T_21;
    .scope S_0x1d6fe20;
T_22 ;
    %delay 20000, 0;
    %load/vec4 v0x1dc2720_0;
    %inv;
    %assign/vec4 v0x1dc2720_0, 0;
    %jmp T_22;
    .thread T_22;
    .scope S_0x1d6fe20;
T_23 ;
    %pushi/vec4 0, 0, 1;
    %assign/vec4 v0x1dc2720_0, 0;
    %pushi/vec4 0, 0, 1;
    %assign/vec4 v0x1dc30a0_0, 0;
    %pushi/vec4 0, 0, 16;
    %assign/vec4 v0x1dc3920_0, 0;
    %pushi/vec4 0, 0, 8;
    %store/vec4 v0x1dc2660_0, 0, 8;
    %fork TD_test_bottleneck.tick, S_0x1dc2480;
    %join;
    %fork TD_test_bottleneck.test_byte_rd, S_0x1dc1440;
    %join;
    %fork TD_test_bottleneck.test_byte_wr, S_0x1dc1620;
    %join;
    %fork TD_test_bottleneck.test_hword_rd, S_0x1dc1c40;
    %join;
    %fork TD_test_bottleneck.test_hword_wr, S_0x1dc1f30;
    %join;
    %fork TD_test_bottleneck.test_word_rd, S_0x1dc20c0;
    %join;
    %fork TD_test_bottleneck.test_word_wr, S_0x1dc22a0;
    %join;
    %fork TD_test_bottleneck.test_dword_rd, S_0x1dc1800;
    %join;
    %fork TD_test_bottleneck.test_dword_wr, S_0x1dc19e0;
    %join;
    %vpi_call 2 702 "$display", "@I Done." {0 0 0};
    %vpi_call 2 703 "$stop" {0 0 0};
    %end;
    .thread T_23;
# The file index is used to find the file name in the following table.
:file_names 5;
    "N/A";
    "<interactive>";
    "bench/verilog/bottleneck.v";
    "rtl/verilog/bottleneck.v";
    "rtl/verilog/BottleneckSequencer.v";
