Running: /home/kc5tja/Downloads/xilinx/14.2/ISE_DS/ISE/bin/lin64/unwrapped/fuse -intstyle ise -incremental -lib unisims_ver -lib unimacro_ver -lib xilinxcorelib_ver -o /home/kc5tja/Projects/kestrel/2/nexys2/kia/TEST_KIA_isim_beh.exe -prj /home/kc5tja/Projects/kestrel/2/nexys2/kia/TEST_KIA_beh.prj work.TEST_KIA work.glbl 
ISim P.28xd (signature 0x54af6ca1)
Number of CPUs detected in this system: 2
Turning on mult-threading, number of parallel sub-compilation jobs: 4 
Determining compilation order of HDL files
Analyzing Verilog file "/home/kc5tja/Projects/kestrel/2/nexys2/kia/kia.v" into library work
Analyzing Verilog file "/home/kc5tja/Projects/kestrel/2/nexys2/kia/test-top.v" into library work
Analyzing Verilog file "/home/kc5tja/Downloads/xilinx/14.2/ISE_DS/ISE//verilog/src/glbl.v" into library work
Starting static elaboration
Completed static elaboration
Fuse Memory Usage: 94620 KB
Fuse CPU Usage: 1900 ms
Compiling module KIA_M
Compiling module TEST_KIA
Compiling module glbl
Time Resolution for simulation is 1ps.
Compiled 3 Verilog Units
Built simulation executable /home/kc5tja/Projects/kestrel/2/nexys2/kia/TEST_KIA_isim_beh.exe
Fuse Memory Usage: 201436 KB
Fuse CPU Usage: 2020 ms
GCC CPU Usage: 3540 ms
