ISim log file
Running: /home/kc5tja/Projects/kestrel/2/nexys2/kia/TEST_KIA_isim_beh.exe -intstyle ise -gui -tclbatch isim.cmd -wdb /home/kc5tja/Projects/kestrel/2/nexys2/kia/TEST_KIA_isim_beh.wdb 
ISim P.28xd (signature 0x54af6ca1)
WARNING: A WEBPACK license was found.
WARNING: Please use Xilinx License Configuration Manager to check out a full ISim license.
WARNING: ISim will run in Lite mode. Please refer to the ISim documentation for more information on the differences between the Lite and the Full version.
This is a Lite version of ISim.
Time resolution is 1 ps
# onerror resume
# wave add /
# run 1000 ns
Simulator is doing circuit initialization process.
Finished circuit initialization process.
# restart
# run 1s
Simulator is doing circuit initialization process.
Finished circuit initialization process.
Expected 8'hE0 for first byte.
Stopped at time : 2884900 ns(1) :  in File "/home/kc5tja/Projects/kestrel/2/nexys2/kia/test-top.v" Line 192 
# exit 0
